SF:/home/spduncan/balatro-rs-ws/fix-issue-184-cicd-pipeline/core/src/action.rs
FN:30,_RINvXNvXs0_NvXNvNtCs6ewEfsi5izM_10balatro_rs6actions2_1__NtBe_6ActionNtNtCsWuCv7H75Ac_5serde2de11Deserialize11deserializeNtB9_9___VisitorNtB17_7Visitor10visit_enumNtB3_9___VisitorB2b_9visit_seqpEBg_
FN:9,_RINvXs0_NvXNvNtCs6ewEfsi5izM_10balatro_rs6actions_1__NtBb_13MoveDirectionNtNtCsWuCv7H75Ac_5serde2de11Deserialize11deserializeNtB6_9___VisitorNtB1b_7Visitor10visit_enumpEBd_
FN:30,_RINvXs3_NvXs0_NvXNvNtCs6ewEfsi5izM_10balatro_rs6actions2_1__NtBh_6ActionNtNtCsWuCv7H75Ac_5serde2de11Deserialize11deserializeNtBc_9___VisitorNtB1a_7Visitor10visit_enumNtB6_s1_9___VisitorB2e_9visit_mappEBj_
FN:30,_RINvXs3_NvXs0_NvXNvNtCs6ewEfsi5izM_10balatro_rs6actions2_1__NtBh_6ActionNtNtCsWuCv7H75Ac_5serde2de11Deserialize11deserializeNtBc_9___VisitorNtB1a_7Visitor10visit_enumNtB6_s1_9___VisitorB2e_9visit_seqpEBj_
FN:30,_RINvXs6_NvXs0_NvXNvNtCs6ewEfsi5izM_10balatro_rs6actions2_1__NtBh_6ActionNtNtCsWuCv7H75Ac_5serde2de11Deserialize11deserializeNtBc_9___VisitorNtB1a_7Visitor10visit_enumNtB6_s2_9___VisitorB2e_9visit_mappEBj_
FN:30,_RINvXs6_NvXs0_NvXNvNtCs6ewEfsi5izM_10balatro_rs6actions2_1__NtBh_6ActionNtNtCsWuCv7H75Ac_5serde2de11Deserialize11deserializeNtBc_9___VisitorNtB1a_7Visitor10visit_enumNtB6_s2_9___VisitorB2e_9visit_seqpEBj_
FN:30,_RINvXs9_NvXs0_NvXNvNtCs6ewEfsi5izM_10balatro_rs6actions2_1__NtBh_6ActionNtNtCsWuCv7H75Ac_5serde2de11Deserialize11deserializeNtBc_9___VisitorNtB1a_7Visitor10visit_enumNtB6_s3_9___VisitorB2e_9visit_mappEBj_
FN:30,_RINvXs9_NvXs0_NvXNvNtCs6ewEfsi5izM_10balatro_rs6actions2_1__NtBh_6ActionNtNtCsWuCv7H75Ac_5serde2de11Deserialize11deserializeNtBc_9___VisitorNtB1a_7Visitor10visit_enumNtB6_s3_9___VisitorB2e_9visit_seqpEBj_
FN:30,_RINvXsc_NvXs0_NvXNvNtCs6ewEfsi5izM_10balatro_rs6actions2_1__NtBh_6ActionNtNtCsWuCv7H75Ac_5serde2de11Deserialize11deserializeNtBc_9___VisitorNtB1a_7Visitor10visit_enumNtB6_s4_9___VisitorB2e_9visit_mappEBj_
FN:30,_RINvXsc_NvXs0_NvXNvNtCs6ewEfsi5izM_10balatro_rs6actions2_1__NtBh_6ActionNtNtCsWuCv7H75Ac_5serde2de11Deserialize11deserializeNtBc_9___VisitorNtB1a_7Visitor10visit_enumNtB6_s4_9___VisitorB2e_9visit_seqpEBj_
FN:30,_RINvXsf_NvXs0_NvXNvNtCs6ewEfsi5izM_10balatro_rs6actions2_1__NtBh_6ActionNtNtCsWuCv7H75Ac_5serde2de11Deserialize11deserializeNtBc_9___VisitorNtB1a_7Visitor10visit_enumNtB6_s5_9___VisitorB2e_9visit_mappEBj_
FN:30,_RINvXsf_NvXs0_NvXNvNtCs6ewEfsi5izM_10balatro_rs6actions2_1__NtBh_6ActionNtNtCsWuCv7H75Ac_5serde2de11Deserialize11deserializeNtBc_9___VisitorNtB1a_7Visitor10visit_enumNtB6_s5_9___VisitorB2e_9visit_seqpEBj_
FN:97,_RNvMs0_NtCs6ewEfsi5izM_10balatro_rs6actionNtB5_6Action8___repr__
FN:18,_RNvXNtCs6ewEfsi5izM_10balatro_rs6actionNtB2_13MoveDirectionNtNtCs1p5UDGgVI4d_4core3fmt7Display3fmt
FN:50,_RNvXs_NtCs6ewEfsi5izM_10balatro_rs6actionNtB4_6ActionNtNtCs1p5UDGgVI4d_4core3fmt7Display3fmt
FN:31,_RNvMs10_NtCs6ewEfsi5izM_10balatro_rs6actionNtB6_14Action_CashOut19___pymethod_get__0__
FN:31,_RNvMs15_NtCs6ewEfsi5izM_10balatro_rs6actionNtB6_15Action_BuyJoker21___pymethod_get_slot__
FN:31,_RNvMs15_NtCs6ewEfsi5izM_10balatro_rs6actionNtB6_15Action_BuyJoker25___pymethod_get_joker_id__
FN:31,_RNvMs1B_NtCs6ewEfsi5izM_10balatro_rs6actionNtB6_17Action_SelectCard11___getitem__
FN:31,_RNvMs1C_NtCs6ewEfsi5izM_10balatro_rs6actionNtB6_15Action_MoveCard11___getitem__
FN:31,_RNvMs1F_NtCs6ewEfsi5izM_10balatro_rs6actionNtB6_14Action_CashOut11___getitem__
FN:31,_RNvMs1M_NtCs6ewEfsi5izM_10balatro_rs6actionNtB6_18Action_SelectBlind11___getitem__
FN:31,_RNvMs1a_NtCs6ewEfsi5izM_10balatro_rs6actionNtB6_14Action_BuyPack26___pymethod_get_pack_type__
FN:31,_RNvMs1f_NtCs6ewEfsi5izM_10balatro_rs6actionNtB6_15Action_OpenPack24___pymethod_get_pack_id__
FN:31,_RNvMs1k_NtCs6ewEfsi5izM_10balatro_rs6actionNtB6_21Action_SelectFromPack24___pymethod_get_pack_id__
FN:31,_RNvMs1k_NtCs6ewEfsi5izM_10balatro_rs6actionNtB6_21Action_SelectFromPack29___pymethod_get_option_index__
FN:31,_RNvMs1p_NtCs6ewEfsi5izM_10balatro_rs6actionNtB6_15Action_SkipPack24___pymethod_get_pack_id__
FN:31,_RNvMs1z_NtCs6ewEfsi5izM_10balatro_rs6actionNtB6_18Action_SelectBlind19___pymethod_get__0__
FN:10,_RNvMs8_NtCs6ewEfsi5izM_10balatro_rs6actionNtB5_13MoveDirection38___pymethod___default___pyo3__int______
FN:10,_RNvMs8_NtCs6ewEfsi5izM_10balatro_rs6actionNtB5_13MoveDirection39___pymethod___default___pyo3__repr______
FN:31,_RNvMsG_NtCs6ewEfsi5izM_10balatro_rs6actionNtB5_17Action_SelectCard19___pymethod_get__0__
FN:31,_RNvMsL_NtCs6ewEfsi5izM_10balatro_rs6actionNtB5_15Action_MoveCard19___pymethod_get__0__
FN:31,_RNvMsL_NtCs6ewEfsi5izM_10balatro_rs6actionNtB5_15Action_MoveCard19___pymethod_get__1__
FN:97,_RNvMs0_NtCsfztrlbScSWy_10balatro_rs6actionNtB5_6Action8___repr__
FN:30,_RINvXNvXs0_NvXNvNtCsfztrlbScSWy_10balatro_rs6actions2_1__NtBe_6ActionNtNtCsWuCv7H75Ac_5serde2de11Deserialize11deserializeNtB9_9___VisitorNtB17_7Visitor10visit_enumNtB3_9___VisitorB2b_9visit_seqINtNtCs9DWYcYz1PvJ_10serde_json2de9SeqAccessNtNtB3a_4read7StrReadEEBg_
FN:9,_RINvXs0_NvXNvNtCsfztrlbScSWy_10balatro_rs6actions_1__NtBb_13MoveDirectionNtNtCsWuCv7H75Ac_5serde2de11Deserialize11deserializeNtB6_9___VisitorNtB1b_7Visitor10visit_enumINtNtCs9DWYcYz1PvJ_10serde_json2de13VariantAccessNtNtB2K_4read7StrReadEEBd_
FN:9,_RINvXs0_NvXNvNtCsfztrlbScSWy_10balatro_rs6actions_1__NtBb_13MoveDirectionNtNtCsWuCv7H75Ac_5serde2de11Deserialize11deserializeNtB6_9___VisitorNtB1b_7Visitor10visit_enumINtNtCs9DWYcYz1PvJ_10serde_json2de17UnitVariantAccessNtNtB2K_4read7StrReadEEBd_
FN:30,_RINvXs3_NvXs0_NvXNvNtCsfztrlbScSWy_10balatro_rs6actions2_1__NtBh_6ActionNtNtCsWuCv7H75Ac_5serde2de11Deserialize11deserializeNtBc_9___VisitorNtB1a_7Visitor10visit_enumNtB6_s1_9___VisitorB2e_9visit_mapINtNtCs9DWYcYz1PvJ_10serde_json2de9MapAccessNtNtB3g_4read7StrReadEEBj_
FN:30,_RINvXs3_NvXs0_NvXNvNtCsfztrlbScSWy_10balatro_rs6actions2_1__NtBh_6ActionNtNtCsWuCv7H75Ac_5serde2de11Deserialize11deserializeNtBc_9___VisitorNtB1a_7Visitor10visit_enumNtB6_s1_9___VisitorB2e_9visit_seqINtNtCs9DWYcYz1PvJ_10serde_json2de9SeqAccessNtNtB3g_4read7StrReadEEBj_
FN:30,_RINvXs6_NvXs0_NvXNvNtCsfztrlbScSWy_10balatro_rs6actions2_1__NtBh_6ActionNtNtCsWuCv7H75Ac_5serde2de11Deserialize11deserializeNtBc_9___VisitorNtB1a_7Visitor10visit_enumNtB6_s2_9___VisitorB2e_9visit_mapINtNtCs9DWYcYz1PvJ_10serde_json2de9MapAccessNtNtB3g_4read7StrReadEEBj_
FN:30,_RINvXs6_NvXs0_NvXNvNtCsfztrlbScSWy_10balatro_rs6actions2_1__NtBh_6ActionNtNtCsWuCv7H75Ac_5serde2de11Deserialize11deserializeNtBc_9___VisitorNtB1a_7Visitor10visit_enumNtB6_s2_9___VisitorB2e_9visit_seqINtNtCs9DWYcYz1PvJ_10serde_json2de9SeqAccessNtNtB3g_4read7StrReadEEBj_
FN:30,_RINvXs9_NvXs0_NvXNvNtCsfztrlbScSWy_10balatro_rs6actions2_1__NtBh_6ActionNtNtCsWuCv7H75Ac_5serde2de11Deserialize11deserializeNtBc_9___VisitorNtB1a_7Visitor10visit_enumNtB6_s3_9___VisitorB2e_9visit_mapINtNtCs9DWYcYz1PvJ_10serde_json2de9MapAccessNtNtB3g_4read7StrReadEEBj_
FN:30,_RINvXs9_NvXs0_NvXNvNtCsfztrlbScSWy_10balatro_rs6actions2_1__NtBh_6ActionNtNtCsWuCv7H75Ac_5serde2de11Deserialize11deserializeNtBc_9___VisitorNtB1a_7Visitor10visit_enumNtB6_s3_9___VisitorB2e_9visit_seqINtNtCs9DWYcYz1PvJ_10serde_json2de9SeqAccessNtNtB3g_4read7StrReadEEBj_
FN:30,_RINvXsc_NvXs0_NvXNvNtCsfztrlbScSWy_10balatro_rs6actions2_1__NtBh_6ActionNtNtCsWuCv7H75Ac_5serde2de11Deserialize11deserializeNtBc_9___VisitorNtB1a_7Visitor10visit_enumNtB6_s4_9___VisitorB2e_9visit_mapINtNtCs9DWYcYz1PvJ_10serde_json2de9MapAccessNtNtB3g_4read7StrReadEEBj_
FN:30,_RINvXsc_NvXs0_NvXNvNtCsfztrlbScSWy_10balatro_rs6actions2_1__NtBh_6ActionNtNtCsWuCv7H75Ac_5serde2de11Deserialize11deserializeNtBc_9___VisitorNtB1a_7Visitor10visit_enumNtB6_s4_9___VisitorB2e_9visit_seqINtNtCs9DWYcYz1PvJ_10serde_json2de9SeqAccessNtNtB3g_4read7StrReadEEBj_
FN:30,_RINvXsf_NvXs0_NvXNvNtCsfztrlbScSWy_10balatro_rs6actions2_1__NtBh_6ActionNtNtCsWuCv7H75Ac_5serde2de11Deserialize11deserializeNtBc_9___VisitorNtB1a_7Visitor10visit_enumNtB6_s5_9___VisitorB2e_9visit_mapINtNtCs9DWYcYz1PvJ_10serde_json2de9MapAccessNtNtB3g_4read7StrReadEEBj_
FN:30,_RINvXsf_NvXs0_NvXNvNtCsfztrlbScSWy_10balatro_rs6actions2_1__NtBh_6ActionNtNtCsWuCv7H75Ac_5serde2de11Deserialize11deserializeNtBc_9___VisitorNtB1a_7Visitor10visit_enumNtB6_s5_9___VisitorB2e_9visit_seqINtNtCs9DWYcYz1PvJ_10serde_json2de9SeqAccessNtNtB3g_4read7StrReadEEBj_
FN:31,_RNvMs10_NtCsfztrlbScSWy_10balatro_rs6actionNtB6_14Action_CashOut19___pymethod_get__0__
FN:31,_RNvMs15_NtCsfztrlbScSWy_10balatro_rs6actionNtB6_15Action_BuyJoker21___pymethod_get_slot__
FN:31,_RNvMs15_NtCsfztrlbScSWy_10balatro_rs6actionNtB6_15Action_BuyJoker25___pymethod_get_joker_id__
FN:31,_RNvMs1B_NtCsfztrlbScSWy_10balatro_rs6actionNtB6_17Action_SelectCard11___getitem__
FN:31,_RNvMs1C_NtCsfztrlbScSWy_10balatro_rs6actionNtB6_15Action_MoveCard11___getitem__
FN:31,_RNvMs1F_NtCsfztrlbScSWy_10balatro_rs6actionNtB6_14Action_CashOut11___getitem__
FN:31,_RNvMs1M_NtCsfztrlbScSWy_10balatro_rs6actionNtB6_18Action_SelectBlind11___getitem__
FN:31,_RNvMs1a_NtCsfztrlbScSWy_10balatro_rs6actionNtB6_14Action_BuyPack26___pymethod_get_pack_type__
FN:31,_RNvMs1f_NtCsfztrlbScSWy_10balatro_rs6actionNtB6_15Action_OpenPack24___pymethod_get_pack_id__
FN:31,_RNvMs1k_NtCsfztrlbScSWy_10balatro_rs6actionNtB6_21Action_SelectFromPack24___pymethod_get_pack_id__
FN:31,_RNvMs1k_NtCsfztrlbScSWy_10balatro_rs6actionNtB6_21Action_SelectFromPack29___pymethod_get_option_index__
FN:31,_RNvMs1p_NtCsfztrlbScSWy_10balatro_rs6actionNtB6_15Action_SkipPack24___pymethod_get_pack_id__
FN:31,_RNvMs1z_NtCsfztrlbScSWy_10balatro_rs6actionNtB6_18Action_SelectBlind19___pymethod_get__0__
FN:10,_RNvMs8_NtCsfztrlbScSWy_10balatro_rs6actionNtB5_13MoveDirection38___pymethod___default___pyo3__int______
FN:10,_RNvMs8_NtCsfztrlbScSWy_10balatro_rs6actionNtB5_13MoveDirection39___pymethod___default___pyo3__repr______
FN:31,_RNvMsG_NtCsfztrlbScSWy_10balatro_rs6actionNtB5_17Action_SelectCard19___pymethod_get__0__
FN:31,_RNvMsL_NtCsfztrlbScSWy_10balatro_rs6actionNtB5_15Action_MoveCard19___pymethod_get__0__
FN:31,_RNvMsL_NtCsfztrlbScSWy_10balatro_rs6actionNtB5_15Action_MoveCard19___pymethod_get__1__
FN:18,_RNvXNtCsfztrlbScSWy_10balatro_rs6actionNtB2_13MoveDirectionNtNtCs1p5UDGgVI4d_4core3fmt7Display3fmt
FN:50,_RNvXs_NtCsfztrlbScSWy_10balatro_rs6actionNtB4_6ActionNtNtCs1p5UDGgVI4d_4core3fmt7Display3fmt
FNDA:0,_RINvXNvXs0_NvXNvNtCs6ewEfsi5izM_10balatro_rs6actions2_1__NtBe_6ActionNtNtCsWuCv7H75Ac_5serde2de11Deserialize11deserializeNtB9_9___VisitorNtB17_7Visitor10visit_enumNtB3_9___VisitorB2b_9visit_seqpEBg_
FNDA:0,_RINvXs0_NvXNvNtCs6ewEfsi5izM_10balatro_rs6actions_1__NtBb_13MoveDirectionNtNtCsWuCv7H75Ac_5serde2de11Deserialize11deserializeNtB6_9___VisitorNtB1b_7Visitor10visit_enumpEBd_
FNDA:0,_RINvXs3_NvXs0_NvXNvNtCs6ewEfsi5izM_10balatro_rs6actions2_1__NtBh_6ActionNtNtCsWuCv7H75Ac_5serde2de11Deserialize11deserializeNtBc_9___VisitorNtB1a_7Visitor10visit_enumNtB6_s1_9___VisitorB2e_9visit_mappEBj_
FNDA:0,_RINvXs3_NvXs0_NvXNvNtCs6ewEfsi5izM_10balatro_rs6actions2_1__NtBh_6ActionNtNtCsWuCv7H75Ac_5serde2de11Deserialize11deserializeNtBc_9___VisitorNtB1a_7Visitor10visit_enumNtB6_s1_9___VisitorB2e_9visit_seqpEBj_
FNDA:0,_RINvXs6_NvXs0_NvXNvNtCs6ewEfsi5izM_10balatro_rs6actions2_1__NtBh_6ActionNtNtCsWuCv7H75Ac_5serde2de11Deserialize11deserializeNtBc_9___VisitorNtB1a_7Visitor10visit_enumNtB6_s2_9___VisitorB2e_9visit_mappEBj_
FNDA:0,_RINvXs6_NvXs0_NvXNvNtCs6ewEfsi5izM_10balatro_rs6actions2_1__NtBh_6ActionNtNtCsWuCv7H75Ac_5serde2de11Deserialize11deserializeNtBc_9___VisitorNtB1a_7Visitor10visit_enumNtB6_s2_9___VisitorB2e_9visit_seqpEBj_
FNDA:0,_RINvXs9_NvXs0_NvXNvNtCs6ewEfsi5izM_10balatro_rs6actions2_1__NtBh_6ActionNtNtCsWuCv7H75Ac_5serde2de11Deserialize11deserializeNtBc_9___VisitorNtB1a_7Visitor10visit_enumNtB6_s3_9___VisitorB2e_9visit_mappEBj_
FNDA:0,_RINvXs9_NvXs0_NvXNvNtCs6ewEfsi5izM_10balatro_rs6actions2_1__NtBh_6ActionNtNtCsWuCv7H75Ac_5serde2de11Deserialize11deserializeNtBc_9___VisitorNtB1a_7Visitor10visit_enumNtB6_s3_9___VisitorB2e_9visit_seqpEBj_
FNDA:0,_RINvXsc_NvXs0_NvXNvNtCs6ewEfsi5izM_10balatro_rs6actions2_1__NtBh_6ActionNtNtCsWuCv7H75Ac_5serde2de11Deserialize11deserializeNtBc_9___VisitorNtB1a_7Visitor10visit_enumNtB6_s4_9___VisitorB2e_9visit_mappEBj_
FNDA:0,_RINvXsc_NvXs0_NvXNvNtCs6ewEfsi5izM_10balatro_rs6actions2_1__NtBh_6ActionNtNtCsWuCv7H75Ac_5serde2de11Deserialize11deserializeNtBc_9___VisitorNtB1a_7Visitor10visit_enumNtB6_s4_9___VisitorB2e_9visit_seqpEBj_
FNDA:0,_RINvXsf_NvXs0_NvXNvNtCs6ewEfsi5izM_10balatro_rs6actions2_1__NtBh_6ActionNtNtCsWuCv7H75Ac_5serde2de11Deserialize11deserializeNtBc_9___VisitorNtB1a_7Visitor10visit_enumNtB6_s5_9___VisitorB2e_9visit_mappEBj_
FNDA:0,_RINvXsf_NvXs0_NvXNvNtCs6ewEfsi5izM_10balatro_rs6actions2_1__NtBh_6ActionNtNtCsWuCv7H75Ac_5serde2de11Deserialize11deserializeNtBc_9___VisitorNtB1a_7Visitor10visit_enumNtB6_s5_9___VisitorB2e_9visit_seqpEBj_
FNDA:0,_RNvMs0_NtCs6ewEfsi5izM_10balatro_rs6actionNtB5_6Action8___repr__
FNDA:0,_RNvXNtCs6ewEfsi5izM_10balatro_rs6actionNtB2_13MoveDirectionNtNtCs1p5UDGgVI4d_4core3fmt7Display3fmt
FNDA:0,_RNvXs_NtCs6ewEfsi5izM_10balatro_rs6actionNtB4_6ActionNtNtCs1p5UDGgVI4d_4core3fmt7Display3fmt
FNDA:0,_RNvMs10_NtCs6ewEfsi5izM_10balatro_rs6actionNtB6_14Action_CashOut19___pymethod_get__0__
FNDA:0,_RNvMs15_NtCs6ewEfsi5izM_10balatro_rs6actionNtB6_15Action_BuyJoker21___pymethod_get_slot__
FNDA:0,_RNvMs15_NtCs6ewEfsi5izM_10balatro_rs6actionNtB6_15Action_BuyJoker25___pymethod_get_joker_id__
FNDA:0,_RNvMs1B_NtCs6ewEfsi5izM_10balatro_rs6actionNtB6_17Action_SelectCard11___getitem__
FNDA:0,_RNvMs1C_NtCs6ewEfsi5izM_10balatro_rs6actionNtB6_15Action_MoveCard11___getitem__
FNDA:0,_RNvMs1F_NtCs6ewEfsi5izM_10balatro_rs6actionNtB6_14Action_CashOut11___getitem__
FNDA:0,_RNvMs1M_NtCs6ewEfsi5izM_10balatro_rs6actionNtB6_18Action_SelectBlind11___getitem__
FNDA:0,_RNvMs1a_NtCs6ewEfsi5izM_10balatro_rs6actionNtB6_14Action_BuyPack26___pymethod_get_pack_type__
FNDA:0,_RNvMs1f_NtCs6ewEfsi5izM_10balatro_rs6actionNtB6_15Action_OpenPack24___pymethod_get_pack_id__
FNDA:0,_RNvMs1k_NtCs6ewEfsi5izM_10balatro_rs6actionNtB6_21Action_SelectFromPack24___pymethod_get_pack_id__
FNDA:0,_RNvMs1k_NtCs6ewEfsi5izM_10balatro_rs6actionNtB6_21Action_SelectFromPack29___pymethod_get_option_index__
FNDA:0,_RNvMs1p_NtCs6ewEfsi5izM_10balatro_rs6actionNtB6_15Action_SkipPack24___pymethod_get_pack_id__
FNDA:0,_RNvMs1z_NtCs6ewEfsi5izM_10balatro_rs6actionNtB6_18Action_SelectBlind19___pymethod_get__0__
FNDA:0,_RNvMs8_NtCs6ewEfsi5izM_10balatro_rs6actionNtB5_13MoveDirection38___pymethod___default___pyo3__int______
FNDA:0,_RNvMs8_NtCs6ewEfsi5izM_10balatro_rs6actionNtB5_13MoveDirection39___pymethod___default___pyo3__repr______
FNDA:0,_RNvMsG_NtCs6ewEfsi5izM_10balatro_rs6actionNtB5_17Action_SelectCard19___pymethod_get__0__
FNDA:0,_RNvMsL_NtCs6ewEfsi5izM_10balatro_rs6actionNtB5_15Action_MoveCard19___pymethod_get__0__
FNDA:0,_RNvMsL_NtCs6ewEfsi5izM_10balatro_rs6actionNtB5_15Action_MoveCard19___pymethod_get__1__
FNDA:0,_RNvMs0_NtCsfztrlbScSWy_10balatro_rs6actionNtB5_6Action8___repr__
FNDA:0,_RINvXNvXs0_NvXNvNtCsfztrlbScSWy_10balatro_rs6actions2_1__NtBe_6ActionNtNtCsWuCv7H75Ac_5serde2de11Deserialize11deserializeNtB9_9___VisitorNtB17_7Visitor10visit_enumNtB3_9___VisitorB2b_9visit_seqINtNtCs9DWYcYz1PvJ_10serde_json2de9SeqAccessNtNtB3a_4read7StrReadEEBg_
FNDA:0,_RINvXs0_NvXNvNtCsfztrlbScSWy_10balatro_rs6actions_1__NtBb_13MoveDirectionNtNtCsWuCv7H75Ac_5serde2de11Deserialize11deserializeNtB6_9___VisitorNtB1b_7Visitor10visit_enumINtNtCs9DWYcYz1PvJ_10serde_json2de13VariantAccessNtNtB2K_4read7StrReadEEBd_
FNDA:0,_RINvXs0_NvXNvNtCsfztrlbScSWy_10balatro_rs6actions_1__NtBb_13MoveDirectionNtNtCsWuCv7H75Ac_5serde2de11Deserialize11deserializeNtB6_9___VisitorNtB1b_7Visitor10visit_enumINtNtCs9DWYcYz1PvJ_10serde_json2de17UnitVariantAccessNtNtB2K_4read7StrReadEEBd_
FNDA:0,_RINvXs3_NvXs0_NvXNvNtCsfztrlbScSWy_10balatro_rs6actions2_1__NtBh_6ActionNtNtCsWuCv7H75Ac_5serde2de11Deserialize11deserializeNtBc_9___VisitorNtB1a_7Visitor10visit_enumNtB6_s1_9___VisitorB2e_9visit_mapINtNtCs9DWYcYz1PvJ_10serde_json2de9MapAccessNtNtB3g_4read7StrReadEEBj_
FNDA:0,_RINvXs3_NvXs0_NvXNvNtCsfztrlbScSWy_10balatro_rs6actions2_1__NtBh_6ActionNtNtCsWuCv7H75Ac_5serde2de11Deserialize11deserializeNtBc_9___VisitorNtB1a_7Visitor10visit_enumNtB6_s1_9___VisitorB2e_9visit_seqINtNtCs9DWYcYz1PvJ_10serde_json2de9SeqAccessNtNtB3g_4read7StrReadEEBj_
FNDA:0,_RINvXs6_NvXs0_NvXNvNtCsfztrlbScSWy_10balatro_rs6actions2_1__NtBh_6ActionNtNtCsWuCv7H75Ac_5serde2de11Deserialize11deserializeNtBc_9___VisitorNtB1a_7Visitor10visit_enumNtB6_s2_9___VisitorB2e_9visit_mapINtNtCs9DWYcYz1PvJ_10serde_json2de9MapAccessNtNtB3g_4read7StrReadEEBj_
FNDA:0,_RINvXs6_NvXs0_NvXNvNtCsfztrlbScSWy_10balatro_rs6actions2_1__NtBh_6ActionNtNtCsWuCv7H75Ac_5serde2de11Deserialize11deserializeNtBc_9___VisitorNtB1a_7Visitor10visit_enumNtB6_s2_9___VisitorB2e_9visit_seqINtNtCs9DWYcYz1PvJ_10serde_json2de9SeqAccessNtNtB3g_4read7StrReadEEBj_
FNDA:0,_RINvXs9_NvXs0_NvXNvNtCsfztrlbScSWy_10balatro_rs6actions2_1__NtBh_6ActionNtNtCsWuCv7H75Ac_5serde2de11Deserialize11deserializeNtBc_9___VisitorNtB1a_7Visitor10visit_enumNtB6_s3_9___VisitorB2e_9visit_mapINtNtCs9DWYcYz1PvJ_10serde_json2de9MapAccessNtNtB3g_4read7StrReadEEBj_
FNDA:0,_RINvXs9_NvXs0_NvXNvNtCsfztrlbScSWy_10balatro_rs6actions2_1__NtBh_6ActionNtNtCsWuCv7H75Ac_5serde2de11Deserialize11deserializeNtBc_9___VisitorNtB1a_7Visitor10visit_enumNtB6_s3_9___VisitorB2e_9visit_seqINtNtCs9DWYcYz1PvJ_10serde_json2de9SeqAccessNtNtB3g_4read7StrReadEEBj_
FNDA:0,_RINvXsc_NvXs0_NvXNvNtCsfztrlbScSWy_10balatro_rs6actions2_1__NtBh_6ActionNtNtCsWuCv7H75Ac_5serde2de11Deserialize11deserializeNtBc_9___VisitorNtB1a_7Visitor10visit_enumNtB6_s4_9___VisitorB2e_9visit_mapINtNtCs9DWYcYz1PvJ_10serde_json2de9MapAccessNtNtB3g_4read7StrReadEEBj_
FNDA:0,_RINvXsc_NvXs0_NvXNvNtCsfztrlbScSWy_10balatro_rs6actions2_1__NtBh_6ActionNtNtCsWuCv7H75Ac_5serde2de11Deserialize11deserializeNtBc_9___VisitorNtB1a_7Visitor10visit_enumNtB6_s4_9___VisitorB2e_9visit_seqINtNtCs9DWYcYz1PvJ_10serde_json2de9SeqAccessNtNtB3g_4read7StrReadEEBj_
FNDA:0,_RINvXsf_NvXs0_NvXNvNtCsfztrlbScSWy_10balatro_rs6actions2_1__NtBh_6ActionNtNtCsWuCv7H75Ac_5serde2de11Deserialize11deserializeNtBc_9___VisitorNtB1a_7Visitor10visit_enumNtB6_s5_9___VisitorB2e_9visit_mapINtNtCs9DWYcYz1PvJ_10serde_json2de9MapAccessNtNtB3g_4read7StrReadEEBj_
FNDA:0,_RINvXsf_NvXs0_NvXNvNtCsfztrlbScSWy_10balatro_rs6actions2_1__NtBh_6ActionNtNtCsWuCv7H75Ac_5serde2de11Deserialize11deserializeNtBc_9___VisitorNtB1a_7Visitor10visit_enumNtB6_s5_9___VisitorB2e_9visit_seqINtNtCs9DWYcYz1PvJ_10serde_json2de9SeqAccessNtNtB3g_4read7StrReadEEBj_
FNDA:0,_RNvMs10_NtCsfztrlbScSWy_10balatro_rs6actionNtB6_14Action_CashOut19___pymethod_get__0__
FNDA:0,_RNvMs15_NtCsfztrlbScSWy_10balatro_rs6actionNtB6_15Action_BuyJoker21___pymethod_get_slot__
FNDA:0,_RNvMs15_NtCsfztrlbScSWy_10balatro_rs6actionNtB6_15Action_BuyJoker25___pymethod_get_joker_id__
FNDA:0,_RNvMs1B_NtCsfztrlbScSWy_10balatro_rs6actionNtB6_17Action_SelectCard11___getitem__
FNDA:0,_RNvMs1C_NtCsfztrlbScSWy_10balatro_rs6actionNtB6_15Action_MoveCard11___getitem__
FNDA:0,_RNvMs1F_NtCsfztrlbScSWy_10balatro_rs6actionNtB6_14Action_CashOut11___getitem__
FNDA:0,_RNvMs1M_NtCsfztrlbScSWy_10balatro_rs6actionNtB6_18Action_SelectBlind11___getitem__
FNDA:0,_RNvMs1a_NtCsfztrlbScSWy_10balatro_rs6actionNtB6_14Action_BuyPack26___pymethod_get_pack_type__
FNDA:0,_RNvMs1f_NtCsfztrlbScSWy_10balatro_rs6actionNtB6_15Action_OpenPack24___pymethod_get_pack_id__
FNDA:0,_RNvMs1k_NtCsfztrlbScSWy_10balatro_rs6actionNtB6_21Action_SelectFromPack24___pymethod_get_pack_id__
FNDA:0,_RNvMs1k_NtCsfztrlbScSWy_10balatro_rs6actionNtB6_21Action_SelectFromPack29___pymethod_get_option_index__
FNDA:0,_RNvMs1p_NtCsfztrlbScSWy_10balatro_rs6actionNtB6_15Action_SkipPack24___pymethod_get_pack_id__
FNDA:0,_RNvMs1z_NtCsfztrlbScSWy_10balatro_rs6actionNtB6_18Action_SelectBlind19___pymethod_get__0__
FNDA:0,_RNvMs8_NtCsfztrlbScSWy_10balatro_rs6actionNtB5_13MoveDirection38___pymethod___default___pyo3__int______
FNDA:0,_RNvMs8_NtCsfztrlbScSWy_10balatro_rs6actionNtB5_13MoveDirection39___pymethod___default___pyo3__repr______
FNDA:0,_RNvMsG_NtCsfztrlbScSWy_10balatro_rs6actionNtB5_17Action_SelectCard19___pymethod_get__0__
FNDA:0,_RNvMsL_NtCsfztrlbScSWy_10balatro_rs6actionNtB5_15Action_MoveCard19___pymethod_get__0__
FNDA:0,_RNvMsL_NtCsfztrlbScSWy_10balatro_rs6actionNtB5_15Action_MoveCard19___pymethod_get__1__
FNDA:0,_RNvXNtCsfztrlbScSWy_10balatro_rs6actionNtB2_13MoveDirectionNtNtCs1p5UDGgVI4d_4core3fmt7Display3fmt
FNDA:0,_RNvXs_NtCsfztrlbScSWy_10balatro_rs6actionNtB4_6ActionNtNtCs1p5UDGgVI4d_4core3fmt7Display3fmt
FNF:7
FNH:0
DA:9,0
DA:10,0
DA:18,0
DA:19,0
DA:21,0
DA:24,0
DA:27,0
DA:30,0
DA:31,0
DA:50,0
DA:51,0
DA:52,0
DA:53,0
DA:56,0
DA:59,0
DA:61,0
DA:62,0
DA:64,0
DA:65,0
DA:67,0
DA:68,0
DA:70,0
DA:71,0
DA:73,0
DA:74,0
DA:77,0
DA:78,0
DA:80,0
DA:82,0
DA:83,0
DA:86,0
DA:88,0
DA:89,0
DA:92,0
DA:97,0
DA:98,0
DA:99,0
BRF:0
BRH:0
LF:37
LH:0
end_of_record
SF:/home/spduncan/balatro-rs-ws/fix-issue-184-cicd-pipeline/core/src/ante.rs
FN:5,_RINvXs0_NvXNvNtCs6ewEfsi5izM_10balatro_rs4antes_1__NtBb_4AnteNtNtCsWuCv7H75Ac_5serde2de11Deserialize11deserializeNtB6_9___VisitorNtBZ_7Visitor10visit_enumpEBd_
FN:22,_RNvMNtCs6ewEfsi5izM_10balatro_rs4anteNtB2_4Ante4base
FN:35,_RNvMNtCs6ewEfsi5izM_10balatro_rs4anteNtB2_4Ante4next
FN:56,_RNvXs_NtCs6ewEfsi5izM_10balatro_rs4anteNtB4_4AnteINtNtCs1p5UDGgVI4d_4core7convert7TryFromjE8try_from
FN:5,_RINvXs0_NvXNvNtCsfztrlbScSWy_10balatro_rs4antes_1__NtBb_4AnteNtNtCsWuCv7H75Ac_5serde2de11Deserialize11deserializeNtB6_9___VisitorNtBZ_7Visitor10visit_enumINtNtCs9DWYcYz1PvJ_10serde_json2de13VariantAccessNtNtB2x_4read7StrReadEEBd_
FN:5,_RINvXs0_NvXNvNtCsfztrlbScSWy_10balatro_rs4antes_1__NtBb_4AnteNtNtCsWuCv7H75Ac_5serde2de11Deserialize11deserializeNtB6_9___VisitorNtBZ_7Visitor10visit_enumINtNtCs9DWYcYz1PvJ_10serde_json2de17UnitVariantAccessNtNtB2x_4read7StrReadEEBd_
FN:22,_RNvMNtCsfztrlbScSWy_10balatro_rs4anteNtB2_4Ante4base
FN:35,_RNvMNtCsfztrlbScSWy_10balatro_rs4anteNtB2_4Ante4next
FN:56,_RNvXs_NtCsfztrlbScSWy_10balatro_rs4anteNtB4_4AnteINtNtCs1p5UDGgVI4d_4core7convert7TryFromjE8try_from
FNDA:0,_RINvXs0_NvXNvNtCs6ewEfsi5izM_10balatro_rs4antes_1__NtBb_4AnteNtNtCsWuCv7H75Ac_5serde2de11Deserialize11deserializeNtB6_9___VisitorNtBZ_7Visitor10visit_enumpEBd_
FNDA:14,_RNvMNtCs6ewEfsi5izM_10balatro_rs4anteNtB2_4Ante4base
FNDA:0,_RNvMNtCs6ewEfsi5izM_10balatro_rs4anteNtB2_4Ante4next
FNDA:118,_RNvXs_NtCs6ewEfsi5izM_10balatro_rs4anteNtB4_4AnteINtNtCs1p5UDGgVI4d_4core7convert7TryFromjE8try_from
FNDA:0,_RINvXs0_NvXNvNtCsfztrlbScSWy_10balatro_rs4antes_1__NtBb_4AnteNtNtCsWuCv7H75Ac_5serde2de11Deserialize11deserializeNtB6_9___VisitorNtBZ_7Visitor10visit_enumINtNtCs9DWYcYz1PvJ_10serde_json2de13VariantAccessNtNtB2x_4read7StrReadEEBd_
FNDA:0,_RINvXs0_NvXNvNtCsfztrlbScSWy_10balatro_rs4antes_1__NtBb_4AnteNtNtCsWuCv7H75Ac_5serde2de11Deserialize11deserializeNtB6_9___VisitorNtBZ_7Visitor10visit_enumINtNtCs9DWYcYz1PvJ_10serde_json2de17UnitVariantAccessNtNtB2x_4read7StrReadEEBd_
FNDA:8,_RNvMNtCsfztrlbScSWy_10balatro_rs4anteNtB2_4Ante4base
FNDA:0,_RNvMNtCsfztrlbScSWy_10balatro_rs4anteNtB2_4Ante4next
FNDA:108,_RNvXs_NtCsfztrlbScSWy_10balatro_rs4anteNtB4_4AnteINtNtCs1p5UDGgVI4d_4core7convert7TryFromjE8try_from
FNF:4
FNH:2
DA:5,0
DA:22,22
DA:23,22
DA:24,0
DA:25,22
DA:26,0
DA:27,0
DA:28,0
DA:29,0
DA:30,0
DA:31,0
DA:32,0
DA:34,22
DA:35,0
DA:36,0
DA:37,0
DA:38,0
DA:39,0
DA:40,0
DA:41,0
DA:42,0
DA:43,0
DA:44,0
DA:45,0
DA:46,0
DA:47,0
DA:48,0
DA:50,0
DA:56,226
DA:57,226
DA:58,113
DA:59,0
DA:60,0
DA:61,0
DA:62,0
DA:63,0
DA:64,0
DA:65,113
DA:66,0
DA:68,226
BRF:0
BRH:0
LF:40
LH:9
end_of_record
SF:/home/spduncan/balatro-rs-ws/fix-issue-184-cicd-pipeline/core/src/available.rs
FN:8,_RINvXs0_NvXNvNtCs6ewEfsi5izM_10balatro_rs9availables_1__NtBb_9AvailableNtNtCsWuCv7H75Ac_5serde2de11Deserialize11deserializeNtB6_9___VisitorNtB19_7Visitor9visit_mappEBd_
FN:8,_RINvXs0_NvXNvNtCs6ewEfsi5izM_10balatro_rs9availables_1__NtBb_9AvailableNtNtCsWuCv7H75Ac_5serde2de11Deserialize11deserializeNtB6_9___VisitorNtB19_7Visitor9visit_seqpEBd_
FN:17,_RNCNvMNtCs6ewEfsi5izM_10balatro_rs9availableNtB4_9Available11select_card0B6_
FN:36,_RNCNvMNtCs6ewEfsi5izM_10balatro_rs9availableNtB4_9Available12not_selected0B6_
FN:50,_RNCNvMNtCs6ewEfsi5izM_10balatro_rs9availableNtB4_9Available15remove_selected0B6_
FN:59,_RNCNvMNtCs6ewEfsi5izM_10balatro_rs9availableNtB4_9Available9move_card0B6_
FN:16,_RNvMNtCs6ewEfsi5izM_10balatro_rs9availableNtB2_9Available11select_card
FN:33,_RNvMNtCs6ewEfsi5izM_10balatro_rs9availableNtB2_9Available12not_selected
FN:41,_RNvMNtCs6ewEfsi5izM_10balatro_rs9availableNtB2_9Available15card_from_index
FN:48,_RNvMNtCs6ewEfsi5izM_10balatro_rs9availableNtB2_9Available15remove_selected
FN:95,_RNvMNtCs6ewEfsi5izM_10balatro_rs9availableNtB2_9Available18cards_and_selected
FN:91,_RNvMNtCs6ewEfsi5izM_10balatro_rs9availableNtB2_9Available5cards
FN:81,_RNvMNtCs6ewEfsi5izM_10balatro_rs9availableNtB2_9Available5empty
FN:85,_RNvMNtCs6ewEfsi5izM_10balatro_rs9availableNtB2_9Available6extend
FN:25,_RNvMNtCs6ewEfsi5izM_10balatro_rs9availableNtB2_9Available8selected
FN:54,_RNvMNtCs6ewEfsi5izM_10balatro_rs9availableNtB2_9Available9move_card
FN:135,_RNvNtNtCs6ewEfsi5izM_10balatro_rs9available5testss_14test_move_card
FN:106,_RNvNtNtCs6ewEfsi5izM_10balatro_rs9available5testss_16test_select_card
FN:123,_RNvNtNtCs6ewEfsi5izM_10balatro_rs9available5testss_20test_card_from_index
FN:8,_RINvXs0_NvXNvNtCsfztrlbScSWy_10balatro_rs9availables_1__NtBb_9AvailableNtNtCsWuCv7H75Ac_5serde2de11Deserialize11deserializeNtB6_9___VisitorNtB19_7Visitor9visit_mapINtNtCs9DWYcYz1PvJ_10serde_json2de9MapAccessNtNtB2G_4read7StrReadEEBd_
FN:8,_RINvXs0_NvXNvNtCsfztrlbScSWy_10balatro_rs9availables_1__NtBb_9AvailableNtNtCsWuCv7H75Ac_5serde2de11Deserialize11deserializeNtB6_9___VisitorNtB19_7Visitor9visit_seqINtNtCs9DWYcYz1PvJ_10serde_json2de9SeqAccessNtNtB2G_4read7StrReadEEBd_
FN:17,_RNCNvMNtCsfztrlbScSWy_10balatro_rs9availableNtB4_9Available11select_card0B6_
FN:36,_RNCNvMNtCsfztrlbScSWy_10balatro_rs9availableNtB4_9Available12not_selected0B6_
FN:50,_RNCNvMNtCsfztrlbScSWy_10balatro_rs9availableNtB4_9Available15remove_selected0B6_
FN:59,_RNCNvMNtCsfztrlbScSWy_10balatro_rs9availableNtB4_9Available9move_card0B6_
FN:16,_RNvMNtCsfztrlbScSWy_10balatro_rs9availableNtB2_9Available11select_card
FN:33,_RNvMNtCsfztrlbScSWy_10balatro_rs9availableNtB2_9Available12not_selected
FN:41,_RNvMNtCsfztrlbScSWy_10balatro_rs9availableNtB2_9Available15card_from_index
FN:48,_RNvMNtCsfztrlbScSWy_10balatro_rs9availableNtB2_9Available15remove_selected
FN:95,_RNvMNtCsfztrlbScSWy_10balatro_rs9availableNtB2_9Available18cards_and_selected
FN:91,_RNvMNtCsfztrlbScSWy_10balatro_rs9availableNtB2_9Available5cards
FN:81,_RNvMNtCsfztrlbScSWy_10balatro_rs9availableNtB2_9Available5empty
FN:85,_RNvMNtCsfztrlbScSWy_10balatro_rs9availableNtB2_9Available6extend
FN:25,_RNvMNtCsfztrlbScSWy_10balatro_rs9availableNtB2_9Available8selected
FN:54,_RNvMNtCsfztrlbScSWy_10balatro_rs9availableNtB2_9Available9move_card
FNDA:0,_RINvXs0_NvXNvNtCs6ewEfsi5izM_10balatro_rs9availables_1__NtBb_9AvailableNtNtCsWuCv7H75Ac_5serde2de11Deserialize11deserializeNtB6_9___VisitorNtB19_7Visitor9visit_mappEBd_
FNDA:0,_RINvXs0_NvXNvNtCs6ewEfsi5izM_10balatro_rs9availables_1__NtBb_9AvailableNtNtCsWuCv7H75Ac_5serde2de11Deserialize11deserializeNtB6_9___VisitorNtB19_7Visitor9visit_seqpEBd_
FNDA:291,_RNCNvMNtCs6ewEfsi5izM_10balatro_rs9availableNtB4_9Available11select_card0B6_
FNDA:682,_RNCNvMNtCs6ewEfsi5izM_10balatro_rs9availableNtB4_9Available12not_selected0B6_
FNDA:152,_RNCNvMNtCs6ewEfsi5izM_10balatro_rs9availableNtB4_9Available15remove_selected0B6_
FNDA:1106,_RNCNvMNtCs6ewEfsi5izM_10balatro_rs9availableNtB4_9Available9move_card0B6_
FNDA:82,_RNvMNtCs6ewEfsi5izM_10balatro_rs9availableNtB2_9Available11select_card
FNDA:86,_RNvMNtCs6ewEfsi5izM_10balatro_rs9availableNtB2_9Available12not_selected
FNDA:102,_RNvMNtCs6ewEfsi5izM_10balatro_rs9availableNtB2_9Available15card_from_index
FNDA:19,_RNvMNtCs6ewEfsi5izM_10balatro_rs9availableNtB2_9Available15remove_selected
FNDA:97,_RNvMNtCs6ewEfsi5izM_10balatro_rs9availableNtB2_9Available18cards_and_selected
FNDA:650,_RNvMNtCs6ewEfsi5izM_10balatro_rs9availableNtB2_9Available5cards
FNDA:25,_RNvMNtCs6ewEfsi5izM_10balatro_rs9availableNtB2_9Available5empty
FNDA:52,_RNvMNtCs6ewEfsi5izM_10balatro_rs9availableNtB2_9Available6extend
FNDA:818,_RNvMNtCs6ewEfsi5izM_10balatro_rs9availableNtB2_9Available8selected
FNDA:237,_RNvMNtCs6ewEfsi5izM_10balatro_rs9availableNtB2_9Available9move_card
FNDA:1,_RNvNtNtCs6ewEfsi5izM_10balatro_rs9available5testss_14test_move_card
FNDA:1,_RNvNtNtCs6ewEfsi5izM_10balatro_rs9available5testss_16test_select_card
FNDA:1,_RNvNtNtCs6ewEfsi5izM_10balatro_rs9available5testss_20test_card_from_index
FNDA:0,_RINvXs0_NvXNvNtCsfztrlbScSWy_10balatro_rs9availables_1__NtBb_9AvailableNtNtCsWuCv7H75Ac_5serde2de11Deserialize11deserializeNtB6_9___VisitorNtB19_7Visitor9visit_mapINtNtCs9DWYcYz1PvJ_10serde_json2de9MapAccessNtNtB2G_4read7StrReadEEBd_
FNDA:0,_RINvXs0_NvXNvNtCsfztrlbScSWy_10balatro_rs9availables_1__NtBb_9AvailableNtNtCsWuCv7H75Ac_5serde2de11Deserialize11deserializeNtB6_9___VisitorNtB19_7Visitor9visit_seqINtNtCs9DWYcYz1PvJ_10serde_json2de9SeqAccessNtNtB2G_4read7StrReadEEBd_
FNDA:153,_RNCNvMNtCsfztrlbScSWy_10balatro_rs9availableNtB4_9Available11select_card0B6_
FNDA:448,_RNCNvMNtCsfztrlbScSWy_10balatro_rs9availableNtB4_9Available12not_selected0B6_
FNDA:104,_RNCNvMNtCsfztrlbScSWy_10balatro_rs9availableNtB4_9Available15remove_selected0B6_
FNDA:382,_RNCNvMNtCsfztrlbScSWy_10balatro_rs9availableNtB4_9Available9move_card0B6_
FNDA:31,_RNvMNtCsfztrlbScSWy_10balatro_rs9availableNtB2_9Available11select_card
FNDA:56,_RNvMNtCsfztrlbScSWy_10balatro_rs9availableNtB2_9Available12not_selected
FNDA:60,_RNvMNtCsfztrlbScSWy_10balatro_rs9availableNtB2_9Available15card_from_index
FNDA:13,_RNvMNtCsfztrlbScSWy_10balatro_rs9availableNtB2_9Available15remove_selected
FNDA:53,_RNvMNtCsfztrlbScSWy_10balatro_rs9availableNtB2_9Available18cards_and_selected
FNDA:280,_RNvMNtCsfztrlbScSWy_10balatro_rs9availableNtB2_9Available5cards
FNDA:27,_RNvMNtCsfztrlbScSWy_10balatro_rs9availableNtB2_9Available5empty
FNDA:40,_RNvMNtCsfztrlbScSWy_10balatro_rs9availableNtB2_9Available6extend
FNDA:375,_RNvMNtCsfztrlbScSWy_10balatro_rs9availableNtB2_9Available8selected
FNDA:82,_RNvMNtCsfztrlbScSWy_10balatro_rs9availableNtB2_9Available9move_card
FNF:18
FNH:17
DA:8,0
DA:16,113
DA:17,444
DA:18,113
DA:19,113
DA:21,0
DA:23,113
DA:25,1193
DA:26,1193
DA:27,1193
DA:28,1193
DA:29,1193
DA:30,1193
DA:31,1193
DA:33,142
DA:34,142
DA:35,142
DA:36,1130
DA:37,142
DA:38,142
DA:39,142
DA:41,162
DA:42,162
DA:43,1
DA:44,161
DA:45,161
DA:46,162
DA:48,32
DA:49,32
DA:50,256
DA:51,32
DA:52,32
DA:54,319
DA:55,319
DA:56,319
DA:57,319
DA:58,319
DA:59,1488
DA:60,319
DA:62,157
DA:63,0
DA:64,157
DA:65,157
DA:66,157
DA:69,162
DA:70,1
DA:71,161
DA:72,161
DA:73,161
DA:77,0
DA:79,319
DA:81,52
DA:82,52
DA:83,52
DA:85,92
DA:86,613
DA:87,521
DA:88,521
DA:89,92
DA:91,930
DA:92,930
DA:93,930
DA:95,150
DA:96,150
DA:97,150
DA:106,1
DA:107,1
DA:108,1
DA:109,1
DA:110,1
DA:111,1
DA:113,1
DA:114,1
DA:116,1
DA:117,1
DA:118,1
DA:119,1
DA:120,1
DA:123,1
DA:124,1
DA:125,1
DA:126,1
DA:127,1
DA:129,1
DA:130,1
DA:131,1
DA:132,1
DA:135,1
DA:136,1
DA:137,1
DA:138,1
DA:139,1
DA:140,1
DA:141,1
DA:143,1
DA:144,1
DA:145,1
DA:147,1
DA:148,1
DA:149,1
BRF:0
BRH:0
LF:104
LH:100
end_of_record
SF:/home/spduncan/balatro-rs-ws/fix-issue-184-cicd-pipeline/core/src/basic_chips_jokers.rs
FN:69,_RNvMs2_NtCs6ewEfsi5izM_10balatro_rs18basic_chips_jokersNtB5_9BullJoker3new
FN:116,_RNvMs5_NtCs6ewEfsi5izM_10balatro_rs18basic_chips_jokersNtB5_10StoneJoker3new
FN:161,_RNvMs8_NtCs6ewEfsi5izM_10balatro_rs18basic_chips_jokersNtB5_14ScaryFaceJoker3new
FN:18,_RNvMs_NtCs6ewEfsi5izM_10balatro_rs18basic_chips_jokersNtB4_11BannerJoker3new
FN:210,_RNvMsb_NtCs6ewEfsi5izM_10balatro_rs18basic_chips_jokersNtB5_9BlueJoker3new
FN:12,_RNvXNtCs6ewEfsi5izM_10balatro_rs18basic_chips_jokersNtB2_11BannerJokerNtNtCs1p5UDGgVI4d_4core7default7Default7default
FN:34,_RNvXs0_NtCs6ewEfsi5izM_10balatro_rs18basic_chips_jokersNtB5_11BannerJokerNtNtB7_5joker5Joker11description
FN:46,_RNvXs0_NtCs6ewEfsi5izM_10balatro_rs18basic_chips_jokersNtB5_11BannerJokerNtNtB7_5joker5Joker14on_hand_played
FN:26,_RNvXs0_NtCs6ewEfsi5izM_10balatro_rs18basic_chips_jokersNtB5_11BannerJokerNtNtB7_5joker5Joker2id
FN:42,_RNvXs0_NtCs6ewEfsi5izM_10balatro_rs18basic_chips_jokersNtB5_11BannerJokerNtNtB7_5joker5Joker4cost
FN:30,_RNvXs0_NtCs6ewEfsi5izM_10balatro_rs18basic_chips_jokersNtB5_11BannerJokerNtNtB7_5joker5Joker4name
FN:38,_RNvXs0_NtCs6ewEfsi5izM_10balatro_rs18basic_chips_jokersNtB5_11BannerJokerNtNtB7_5joker5Joker6rarity
FN:63,_RNvXs1_NtCs6ewEfsi5izM_10balatro_rs18basic_chips_jokersNtB5_9BullJokerNtNtCs1p5UDGgVI4d_4core7default7Default7default
FN:85,_RNvXs3_NtCs6ewEfsi5izM_10balatro_rs18basic_chips_jokersNtB5_9BullJokerNtNtB7_5joker5Joker11description
FN:97,_RNvXs3_NtCs6ewEfsi5izM_10balatro_rs18basic_chips_jokersNtB5_9BullJokerNtNtB7_5joker5Joker14on_hand_played
FN:77,_RNvXs3_NtCs6ewEfsi5izM_10balatro_rs18basic_chips_jokersNtB5_9BullJokerNtNtB7_5joker5Joker2id
FN:93,_RNvXs3_NtCs6ewEfsi5izM_10balatro_rs18basic_chips_jokersNtB5_9BullJokerNtNtB7_5joker5Joker4cost
FN:81,_RNvXs3_NtCs6ewEfsi5izM_10balatro_rs18basic_chips_jokersNtB5_9BullJokerNtNtB7_5joker5Joker4name
FN:89,_RNvXs3_NtCs6ewEfsi5izM_10balatro_rs18basic_chips_jokersNtB5_9BullJokerNtNtB7_5joker5Joker6rarity
FN:110,_RNvXs4_NtCs6ewEfsi5izM_10balatro_rs18basic_chips_jokersNtB5_10StoneJokerNtNtCs1p5UDGgVI4d_4core7default7Default7default
FN:130,_RNvXs6_NtCs6ewEfsi5izM_10balatro_rs18basic_chips_jokersNtB5_10StoneJokerNtNtB7_5joker5Joker11description
FN:142,_RNvXs6_NtCs6ewEfsi5izM_10balatro_rs18basic_chips_jokersNtB5_10StoneJokerNtNtB7_5joker5Joker14on_hand_played
FN:122,_RNvXs6_NtCs6ewEfsi5izM_10balatro_rs18basic_chips_jokersNtB5_10StoneJokerNtNtB7_5joker5Joker2id
FN:138,_RNvXs6_NtCs6ewEfsi5izM_10balatro_rs18basic_chips_jokersNtB5_10StoneJokerNtNtB7_5joker5Joker4cost
FN:126,_RNvXs6_NtCs6ewEfsi5izM_10balatro_rs18basic_chips_jokersNtB5_10StoneJokerNtNtB7_5joker5Joker4name
FN:134,_RNvXs6_NtCs6ewEfsi5izM_10balatro_rs18basic_chips_jokersNtB5_10StoneJokerNtNtB7_5joker5Joker6rarity
FN:155,_RNvXs7_NtCs6ewEfsi5izM_10balatro_rs18basic_chips_jokersNtB5_14ScaryFaceJokerNtNtCs1p5UDGgVI4d_4core7default7Default7default
FN:177,_RNvXs9_NtCs6ewEfsi5izM_10balatro_rs18basic_chips_jokersNtB5_14ScaryFaceJokerNtNtB7_5joker5Joker11description
FN:189,_RNvXs9_NtCs6ewEfsi5izM_10balatro_rs18basic_chips_jokersNtB5_14ScaryFaceJokerNtNtB7_5joker5Joker14on_card_scored
FN:169,_RNvXs9_NtCs6ewEfsi5izM_10balatro_rs18basic_chips_jokersNtB5_14ScaryFaceJokerNtNtB7_5joker5Joker2id
FN:185,_RNvXs9_NtCs6ewEfsi5izM_10balatro_rs18basic_chips_jokersNtB5_14ScaryFaceJokerNtNtB7_5joker5Joker4cost
FN:173,_RNvXs9_NtCs6ewEfsi5izM_10balatro_rs18basic_chips_jokersNtB5_14ScaryFaceJokerNtNtB7_5joker5Joker4name
FN:181,_RNvXs9_NtCs6ewEfsi5izM_10balatro_rs18basic_chips_jokersNtB5_14ScaryFaceJokerNtNtB7_5joker5Joker6rarity
FN:204,_RNvXsa_NtCs6ewEfsi5izM_10balatro_rs18basic_chips_jokersNtB5_9BlueJokerNtNtCs1p5UDGgVI4d_4core7default7Default7default
FN:226,_RNvXsc_NtCs6ewEfsi5izM_10balatro_rs18basic_chips_jokersNtB5_9BlueJokerNtNtB7_5joker5Joker11description
FN:238,_RNvXsc_NtCs6ewEfsi5izM_10balatro_rs18basic_chips_jokersNtB5_9BlueJokerNtNtB7_5joker5Joker14on_hand_played
FN:218,_RNvXsc_NtCs6ewEfsi5izM_10balatro_rs18basic_chips_jokersNtB5_9BlueJokerNtNtB7_5joker5Joker2id
FN:234,_RNvXsc_NtCs6ewEfsi5izM_10balatro_rs18basic_chips_jokersNtB5_9BlueJokerNtNtB7_5joker5Joker4cost
FN:222,_RNvXsc_NtCs6ewEfsi5izM_10balatro_rs18basic_chips_jokersNtB5_9BlueJokerNtNtB7_5joker5Joker4name
FN:230,_RNvXsc_NtCs6ewEfsi5izM_10balatro_rs18basic_chips_jokersNtB5_9BlueJokerNtNtB7_5joker5Joker6rarity
FN:69,_RNvMs2_NtCsfztrlbScSWy_10balatro_rs18basic_chips_jokersNtB5_9BullJoker3new
FN:116,_RNvMs5_NtCsfztrlbScSWy_10balatro_rs18basic_chips_jokersNtB5_10StoneJoker3new
FN:161,_RNvMs8_NtCsfztrlbScSWy_10balatro_rs18basic_chips_jokersNtB5_14ScaryFaceJoker3new
FN:18,_RNvMs_NtCsfztrlbScSWy_10balatro_rs18basic_chips_jokersNtB4_11BannerJoker3new
FN:210,_RNvMsb_NtCsfztrlbScSWy_10balatro_rs18basic_chips_jokersNtB5_9BlueJoker3new
FN:12,_RNvXNtCsfztrlbScSWy_10balatro_rs18basic_chips_jokersNtB2_11BannerJokerNtNtCs1p5UDGgVI4d_4core7default7Default7default
FN:34,_RNvXs0_NtCsfztrlbScSWy_10balatro_rs18basic_chips_jokersNtB5_11BannerJokerNtNtB7_5joker5Joker11description
FN:46,_RNvXs0_NtCsfztrlbScSWy_10balatro_rs18basic_chips_jokersNtB5_11BannerJokerNtNtB7_5joker5Joker14on_hand_played
FN:26,_RNvXs0_NtCsfztrlbScSWy_10balatro_rs18basic_chips_jokersNtB5_11BannerJokerNtNtB7_5joker5Joker2id
FN:42,_RNvXs0_NtCsfztrlbScSWy_10balatro_rs18basic_chips_jokersNtB5_11BannerJokerNtNtB7_5joker5Joker4cost
FN:30,_RNvXs0_NtCsfztrlbScSWy_10balatro_rs18basic_chips_jokersNtB5_11BannerJokerNtNtB7_5joker5Joker4name
FN:38,_RNvXs0_NtCsfztrlbScSWy_10balatro_rs18basic_chips_jokersNtB5_11BannerJokerNtNtB7_5joker5Joker6rarity
FN:63,_RNvXs1_NtCsfztrlbScSWy_10balatro_rs18basic_chips_jokersNtB5_9BullJokerNtNtCs1p5UDGgVI4d_4core7default7Default7default
FN:85,_RNvXs3_NtCsfztrlbScSWy_10balatro_rs18basic_chips_jokersNtB5_9BullJokerNtNtB7_5joker5Joker11description
FN:97,_RNvXs3_NtCsfztrlbScSWy_10balatro_rs18basic_chips_jokersNtB5_9BullJokerNtNtB7_5joker5Joker14on_hand_played
FN:77,_RNvXs3_NtCsfztrlbScSWy_10balatro_rs18basic_chips_jokersNtB5_9BullJokerNtNtB7_5joker5Joker2id
FN:93,_RNvXs3_NtCsfztrlbScSWy_10balatro_rs18basic_chips_jokersNtB5_9BullJokerNtNtB7_5joker5Joker4cost
FN:81,_RNvXs3_NtCsfztrlbScSWy_10balatro_rs18basic_chips_jokersNtB5_9BullJokerNtNtB7_5joker5Joker4name
FN:89,_RNvXs3_NtCsfztrlbScSWy_10balatro_rs18basic_chips_jokersNtB5_9BullJokerNtNtB7_5joker5Joker6rarity
FN:110,_RNvXs4_NtCsfztrlbScSWy_10balatro_rs18basic_chips_jokersNtB5_10StoneJokerNtNtCs1p5UDGgVI4d_4core7default7Default7default
FN:130,_RNvXs6_NtCsfztrlbScSWy_10balatro_rs18basic_chips_jokersNtB5_10StoneJokerNtNtB7_5joker5Joker11description
FN:142,_RNvXs6_NtCsfztrlbScSWy_10balatro_rs18basic_chips_jokersNtB5_10StoneJokerNtNtB7_5joker5Joker14on_hand_played
FN:122,_RNvXs6_NtCsfztrlbScSWy_10balatro_rs18basic_chips_jokersNtB5_10StoneJokerNtNtB7_5joker5Joker2id
FN:138,_RNvXs6_NtCsfztrlbScSWy_10balatro_rs18basic_chips_jokersNtB5_10StoneJokerNtNtB7_5joker5Joker4cost
FN:126,_RNvXs6_NtCsfztrlbScSWy_10balatro_rs18basic_chips_jokersNtB5_10StoneJokerNtNtB7_5joker5Joker4name
FN:134,_RNvXs6_NtCsfztrlbScSWy_10balatro_rs18basic_chips_jokersNtB5_10StoneJokerNtNtB7_5joker5Joker6rarity
FN:155,_RNvXs7_NtCsfztrlbScSWy_10balatro_rs18basic_chips_jokersNtB5_14ScaryFaceJokerNtNtCs1p5UDGgVI4d_4core7default7Default7default
FN:177,_RNvXs9_NtCsfztrlbScSWy_10balatro_rs18basic_chips_jokersNtB5_14ScaryFaceJokerNtNtB7_5joker5Joker11description
FN:189,_RNvXs9_NtCsfztrlbScSWy_10balatro_rs18basic_chips_jokersNtB5_14ScaryFaceJokerNtNtB7_5joker5Joker14on_card_scored
FN:169,_RNvXs9_NtCsfztrlbScSWy_10balatro_rs18basic_chips_jokersNtB5_14ScaryFaceJokerNtNtB7_5joker5Joker2id
FN:185,_RNvXs9_NtCsfztrlbScSWy_10balatro_rs18basic_chips_jokersNtB5_14ScaryFaceJokerNtNtB7_5joker5Joker4cost
FN:173,_RNvXs9_NtCsfztrlbScSWy_10balatro_rs18basic_chips_jokersNtB5_14ScaryFaceJokerNtNtB7_5joker5Joker4name
FN:181,_RNvXs9_NtCsfztrlbScSWy_10balatro_rs18basic_chips_jokersNtB5_14ScaryFaceJokerNtNtB7_5joker5Joker6rarity
FN:204,_RNvXsa_NtCsfztrlbScSWy_10balatro_rs18basic_chips_jokersNtB5_9BlueJokerNtNtCs1p5UDGgVI4d_4core7default7Default7default
FN:226,_RNvXsc_NtCsfztrlbScSWy_10balatro_rs18basic_chips_jokersNtB5_9BlueJokerNtNtB7_5joker5Joker11description
FN:238,_RNvXsc_NtCsfztrlbScSWy_10balatro_rs18basic_chips_jokersNtB5_9BlueJokerNtNtB7_5joker5Joker14on_hand_played
FN:218,_RNvXsc_NtCsfztrlbScSWy_10balatro_rs18basic_chips_jokersNtB5_9BlueJokerNtNtB7_5joker5Joker2id
FN:234,_RNvXsc_NtCsfztrlbScSWy_10balatro_rs18basic_chips_jokersNtB5_9BlueJokerNtNtB7_5joker5Joker4cost
FN:222,_RNvXsc_NtCsfztrlbScSWy_10balatro_rs18basic_chips_jokersNtB5_9BlueJokerNtNtB7_5joker5Joker4name
FN:230,_RNvXsc_NtCsfztrlbScSWy_10balatro_rs18basic_chips_jokersNtB5_9BlueJokerNtNtB7_5joker5Joker6rarity
FNDA:0,_RNvMs2_NtCs6ewEfsi5izM_10balatro_rs18basic_chips_jokersNtB5_9BullJoker3new
FNDA:0,_RNvMs5_NtCs6ewEfsi5izM_10balatro_rs18basic_chips_jokersNtB5_10StoneJoker3new
FNDA:0,_RNvMs8_NtCs6ewEfsi5izM_10balatro_rs18basic_chips_jokersNtB5_14ScaryFaceJoker3new
FNDA:0,_RNvMs_NtCs6ewEfsi5izM_10balatro_rs18basic_chips_jokersNtB4_11BannerJoker3new
FNDA:0,_RNvMsb_NtCs6ewEfsi5izM_10balatro_rs18basic_chips_jokersNtB5_9BlueJoker3new
FNDA:0,_RNvXNtCs6ewEfsi5izM_10balatro_rs18basic_chips_jokersNtB2_11BannerJokerNtNtCs1p5UDGgVI4d_4core7default7Default7default
FNDA:0,_RNvXs0_NtCs6ewEfsi5izM_10balatro_rs18basic_chips_jokersNtB5_11BannerJokerNtNtB7_5joker5Joker11description
FNDA:0,_RNvXs0_NtCs6ewEfsi5izM_10balatro_rs18basic_chips_jokersNtB5_11BannerJokerNtNtB7_5joker5Joker14on_hand_played
FNDA:0,_RNvXs0_NtCs6ewEfsi5izM_10balatro_rs18basic_chips_jokersNtB5_11BannerJokerNtNtB7_5joker5Joker2id
FNDA:0,_RNvXs0_NtCs6ewEfsi5izM_10balatro_rs18basic_chips_jokersNtB5_11BannerJokerNtNtB7_5joker5Joker4cost
FNDA:0,_RNvXs0_NtCs6ewEfsi5izM_10balatro_rs18basic_chips_jokersNtB5_11BannerJokerNtNtB7_5joker5Joker4name
FNDA:0,_RNvXs0_NtCs6ewEfsi5izM_10balatro_rs18basic_chips_jokersNtB5_11BannerJokerNtNtB7_5joker5Joker6rarity
FNDA:0,_RNvXs1_NtCs6ewEfsi5izM_10balatro_rs18basic_chips_jokersNtB5_9BullJokerNtNtCs1p5UDGgVI4d_4core7default7Default7default
FNDA:0,_RNvXs3_NtCs6ewEfsi5izM_10balatro_rs18basic_chips_jokersNtB5_9BullJokerNtNtB7_5joker5Joker11description
FNDA:0,_RNvXs3_NtCs6ewEfsi5izM_10balatro_rs18basic_chips_jokersNtB5_9BullJokerNtNtB7_5joker5Joker14on_hand_played
FNDA:0,_RNvXs3_NtCs6ewEfsi5izM_10balatro_rs18basic_chips_jokersNtB5_9BullJokerNtNtB7_5joker5Joker2id
FNDA:0,_RNvXs3_NtCs6ewEfsi5izM_10balatro_rs18basic_chips_jokersNtB5_9BullJokerNtNtB7_5joker5Joker4cost
FNDA:0,_RNvXs3_NtCs6ewEfsi5izM_10balatro_rs18basic_chips_jokersNtB5_9BullJokerNtNtB7_5joker5Joker4name
FNDA:0,_RNvXs3_NtCs6ewEfsi5izM_10balatro_rs18basic_chips_jokersNtB5_9BullJokerNtNtB7_5joker5Joker6rarity
FNDA:0,_RNvXs4_NtCs6ewEfsi5izM_10balatro_rs18basic_chips_jokersNtB5_10StoneJokerNtNtCs1p5UDGgVI4d_4core7default7Default7default
FNDA:0,_RNvXs6_NtCs6ewEfsi5izM_10balatro_rs18basic_chips_jokersNtB5_10StoneJokerNtNtB7_5joker5Joker11description
FNDA:0,_RNvXs6_NtCs6ewEfsi5izM_10balatro_rs18basic_chips_jokersNtB5_10StoneJokerNtNtB7_5joker5Joker14on_hand_played
FNDA:0,_RNvXs6_NtCs6ewEfsi5izM_10balatro_rs18basic_chips_jokersNtB5_10StoneJokerNtNtB7_5joker5Joker2id
FNDA:0,_RNvXs6_NtCs6ewEfsi5izM_10balatro_rs18basic_chips_jokersNtB5_10StoneJokerNtNtB7_5joker5Joker4cost
FNDA:0,_RNvXs6_NtCs6ewEfsi5izM_10balatro_rs18basic_chips_jokersNtB5_10StoneJokerNtNtB7_5joker5Joker4name
FNDA:0,_RNvXs6_NtCs6ewEfsi5izM_10balatro_rs18basic_chips_jokersNtB5_10StoneJokerNtNtB7_5joker5Joker6rarity
FNDA:0,_RNvXs7_NtCs6ewEfsi5izM_10balatro_rs18basic_chips_jokersNtB5_14ScaryFaceJokerNtNtCs1p5UDGgVI4d_4core7default7Default7default
FNDA:0,_RNvXs9_NtCs6ewEfsi5izM_10balatro_rs18basic_chips_jokersNtB5_14ScaryFaceJokerNtNtB7_5joker5Joker11description
FNDA:0,_RNvXs9_NtCs6ewEfsi5izM_10balatro_rs18basic_chips_jokersNtB5_14ScaryFaceJokerNtNtB7_5joker5Joker14on_card_scored
FNDA:0,_RNvXs9_NtCs6ewEfsi5izM_10balatro_rs18basic_chips_jokersNtB5_14ScaryFaceJokerNtNtB7_5joker5Joker2id
FNDA:0,_RNvXs9_NtCs6ewEfsi5izM_10balatro_rs18basic_chips_jokersNtB5_14ScaryFaceJokerNtNtB7_5joker5Joker4cost
FNDA:0,_RNvXs9_NtCs6ewEfsi5izM_10balatro_rs18basic_chips_jokersNtB5_14ScaryFaceJokerNtNtB7_5joker5Joker4name
FNDA:0,_RNvXs9_NtCs6ewEfsi5izM_10balatro_rs18basic_chips_jokersNtB5_14ScaryFaceJokerNtNtB7_5joker5Joker6rarity
FNDA:0,_RNvXsa_NtCs6ewEfsi5izM_10balatro_rs18basic_chips_jokersNtB5_9BlueJokerNtNtCs1p5UDGgVI4d_4core7default7Default7default
FNDA:0,_RNvXsc_NtCs6ewEfsi5izM_10balatro_rs18basic_chips_jokersNtB5_9BlueJokerNtNtB7_5joker5Joker11description
FNDA:0,_RNvXsc_NtCs6ewEfsi5izM_10balatro_rs18basic_chips_jokersNtB5_9BlueJokerNtNtB7_5joker5Joker14on_hand_played
FNDA:0,_RNvXsc_NtCs6ewEfsi5izM_10balatro_rs18basic_chips_jokersNtB5_9BlueJokerNtNtB7_5joker5Joker2id
FNDA:0,_RNvXsc_NtCs6ewEfsi5izM_10balatro_rs18basic_chips_jokersNtB5_9BlueJokerNtNtB7_5joker5Joker4cost
FNDA:0,_RNvXsc_NtCs6ewEfsi5izM_10balatro_rs18basic_chips_jokersNtB5_9BlueJokerNtNtB7_5joker5Joker4name
FNDA:0,_RNvXsc_NtCs6ewEfsi5izM_10balatro_rs18basic_chips_jokersNtB5_9BlueJokerNtNtB7_5joker5Joker6rarity
FNDA:3,_RNvMs2_NtCsfztrlbScSWy_10balatro_rs18basic_chips_jokersNtB5_9BullJoker3new
FNDA:2,_RNvMs5_NtCsfztrlbScSWy_10balatro_rs18basic_chips_jokersNtB5_10StoneJoker3new
FNDA:4,_RNvMs8_NtCsfztrlbScSWy_10balatro_rs18basic_chips_jokersNtB5_14ScaryFaceJoker3new
FNDA:3,_RNvMs_NtCsfztrlbScSWy_10balatro_rs18basic_chips_jokersNtB4_11BannerJoker3new
FNDA:3,_RNvMsb_NtCsfztrlbScSWy_10balatro_rs18basic_chips_jokersNtB5_9BlueJoker3new
FNDA:0,_RNvXNtCsfztrlbScSWy_10balatro_rs18basic_chips_jokersNtB2_11BannerJokerNtNtCs1p5UDGgVI4d_4core7default7Default7default
FNDA:0,_RNvXs0_NtCsfztrlbScSWy_10balatro_rs18basic_chips_jokersNtB5_11BannerJokerNtNtB7_5joker5Joker11description
FNDA:3,_RNvXs0_NtCsfztrlbScSWy_10balatro_rs18basic_chips_jokersNtB5_11BannerJokerNtNtB7_5joker5Joker14on_hand_played
FNDA:0,_RNvXs0_NtCsfztrlbScSWy_10balatro_rs18basic_chips_jokersNtB5_11BannerJokerNtNtB7_5joker5Joker2id
FNDA:0,_RNvXs0_NtCsfztrlbScSWy_10balatro_rs18basic_chips_jokersNtB5_11BannerJokerNtNtB7_5joker5Joker4cost
FNDA:0,_RNvXs0_NtCsfztrlbScSWy_10balatro_rs18basic_chips_jokersNtB5_11BannerJokerNtNtB7_5joker5Joker4name
FNDA:0,_RNvXs0_NtCsfztrlbScSWy_10balatro_rs18basic_chips_jokersNtB5_11BannerJokerNtNtB7_5joker5Joker6rarity
FNDA:0,_RNvXs1_NtCsfztrlbScSWy_10balatro_rs18basic_chips_jokersNtB5_9BullJokerNtNtCs1p5UDGgVI4d_4core7default7Default7default
FNDA:0,_RNvXs3_NtCsfztrlbScSWy_10balatro_rs18basic_chips_jokersNtB5_9BullJokerNtNtB7_5joker5Joker11description
FNDA:3,_RNvXs3_NtCsfztrlbScSWy_10balatro_rs18basic_chips_jokersNtB5_9BullJokerNtNtB7_5joker5Joker14on_hand_played
FNDA:0,_RNvXs3_NtCsfztrlbScSWy_10balatro_rs18basic_chips_jokersNtB5_9BullJokerNtNtB7_5joker5Joker2id
FNDA:0,_RNvXs3_NtCsfztrlbScSWy_10balatro_rs18basic_chips_jokersNtB5_9BullJokerNtNtB7_5joker5Joker4cost
FNDA:0,_RNvXs3_NtCsfztrlbScSWy_10balatro_rs18basic_chips_jokersNtB5_9BullJokerNtNtB7_5joker5Joker4name
FNDA:0,_RNvXs3_NtCsfztrlbScSWy_10balatro_rs18basic_chips_jokersNtB5_9BullJokerNtNtB7_5joker5Joker6rarity
FNDA:0,_RNvXs4_NtCsfztrlbScSWy_10balatro_rs18basic_chips_jokersNtB5_10StoneJokerNtNtCs1p5UDGgVI4d_4core7default7Default7default
FNDA:0,_RNvXs6_NtCsfztrlbScSWy_10balatro_rs18basic_chips_jokersNtB5_10StoneJokerNtNtB7_5joker5Joker11description
FNDA:2,_RNvXs6_NtCsfztrlbScSWy_10balatro_rs18basic_chips_jokersNtB5_10StoneJokerNtNtB7_5joker5Joker14on_hand_played
FNDA:0,_RNvXs6_NtCsfztrlbScSWy_10balatro_rs18basic_chips_jokersNtB5_10StoneJokerNtNtB7_5joker5Joker2id
FNDA:0,_RNvXs6_NtCsfztrlbScSWy_10balatro_rs18basic_chips_jokersNtB5_10StoneJokerNtNtB7_5joker5Joker4cost
FNDA:0,_RNvXs6_NtCsfztrlbScSWy_10balatro_rs18basic_chips_jokersNtB5_10StoneJokerNtNtB7_5joker5Joker4name
FNDA:0,_RNvXs6_NtCsfztrlbScSWy_10balatro_rs18basic_chips_jokersNtB5_10StoneJokerNtNtB7_5joker5Joker6rarity
FNDA:0,_RNvXs7_NtCsfztrlbScSWy_10balatro_rs18basic_chips_jokersNtB5_14ScaryFaceJokerNtNtCs1p5UDGgVI4d_4core7default7Default7default
FNDA:0,_RNvXs9_NtCsfztrlbScSWy_10balatro_rs18basic_chips_jokersNtB5_14ScaryFaceJokerNtNtB7_5joker5Joker11description
FNDA:4,_RNvXs9_NtCsfztrlbScSWy_10balatro_rs18basic_chips_jokersNtB5_14ScaryFaceJokerNtNtB7_5joker5Joker14on_card_scored
FNDA:0,_RNvXs9_NtCsfztrlbScSWy_10balatro_rs18basic_chips_jokersNtB5_14ScaryFaceJokerNtNtB7_5joker5Joker2id
FNDA:0,_RNvXs9_NtCsfztrlbScSWy_10balatro_rs18basic_chips_jokersNtB5_14ScaryFaceJokerNtNtB7_5joker5Joker4cost
FNDA:0,_RNvXs9_NtCsfztrlbScSWy_10balatro_rs18basic_chips_jokersNtB5_14ScaryFaceJokerNtNtB7_5joker5Joker4name
FNDA:0,_RNvXs9_NtCsfztrlbScSWy_10balatro_rs18basic_chips_jokersNtB5_14ScaryFaceJokerNtNtB7_5joker5Joker6rarity
FNDA:0,_RNvXsa_NtCsfztrlbScSWy_10balatro_rs18basic_chips_jokersNtB5_9BlueJokerNtNtCs1p5UDGgVI4d_4core7default7Default7default
FNDA:0,_RNvXsc_NtCsfztrlbScSWy_10balatro_rs18basic_chips_jokersNtB5_9BlueJokerNtNtB7_5joker5Joker11description
FNDA:3,_RNvXsc_NtCsfztrlbScSWy_10balatro_rs18basic_chips_jokersNtB5_9BlueJokerNtNtB7_5joker5Joker14on_hand_played
FNDA:0,_RNvXsc_NtCsfztrlbScSWy_10balatro_rs18basic_chips_jokersNtB5_9BlueJokerNtNtB7_5joker5Joker2id
FNDA:0,_RNvXsc_NtCsfztrlbScSWy_10balatro_rs18basic_chips_jokersNtB5_9BlueJokerNtNtB7_5joker5Joker4cost
FNDA:0,_RNvXsc_NtCsfztrlbScSWy_10balatro_rs18basic_chips_jokersNtB5_9BlueJokerNtNtB7_5joker5Joker4name
FNDA:0,_RNvXsc_NtCsfztrlbScSWy_10balatro_rs18basic_chips_jokersNtB5_9BlueJokerNtNtB7_5joker5Joker6rarity
FNF:40
FNH:10
DA:12,0
DA:13,0
DA:14,0
DA:18,3
DA:19,3
DA:20,3
DA:21,3
DA:22,3
DA:26,0
DA:27,0
DA:28,0
DA:30,0
DA:31,0
DA:32,0
DA:34,0
DA:35,0
DA:36,0
DA:38,0
DA:39,0
DA:40,0
DA:42,0
DA:43,0
DA:44,0
DA:46,3
DA:49,3
DA:50,3
DA:52,3
DA:53,3
DA:63,0
DA:64,0
DA:65,0
DA:69,3
DA:70,3
DA:71,3
DA:72,3
DA:73,3
DA:77,0
DA:78,0
DA:79,0
DA:81,0
DA:82,0
DA:83,0
DA:85,0
DA:86,0
DA:87,0
DA:89,0
DA:90,0
DA:91,0
DA:93,0
DA:94,0
DA:95,0
DA:97,3
DA:98,3
DA:99,3
DA:100,3
DA:110,0
DA:111,0
DA:112,0
DA:116,2
DA:117,2
DA:118,2
DA:122,0
DA:123,0
DA:124,0
DA:126,0
DA:127,0
DA:128,0
DA:130,0
DA:131,0
DA:132,0
DA:134,0
DA:135,0
DA:136,0
DA:138,0
DA:139,0
DA:140,0
DA:142,2
DA:143,2
DA:144,2
DA:145,2
DA:155,0
DA:156,0
DA:157,0
DA:161,4
DA:162,4
DA:163,4
DA:164,4
DA:165,4
DA:169,0
DA:170,0
DA:171,0
DA:173,0
DA:174,0
DA:175,0
DA:177,0
DA:178,0
DA:179,0
DA:181,0
DA:182,0
DA:183,0
DA:185,0
DA:186,0
DA:187,0
DA:189,4
DA:190,4
DA:191,3
DA:192,1
DA:194,4
DA:204,0
DA:205,0
DA:206,0
DA:210,3
DA:211,3
DA:212,3
DA:213,3
DA:214,3
DA:218,0
DA:219,0
DA:220,0
DA:222,0
DA:223,0
DA:224,0
DA:226,0
DA:227,0
DA:228,0
DA:230,0
DA:231,0
DA:232,0
DA:234,0
DA:235,0
DA:236,0
DA:238,3
DA:239,3
DA:240,3
DA:241,3
BRF:0
BRH:0
LF:135
LH:45
end_of_record
SF:/home/spduncan/balatro-rs-ws/fix-issue-184-cicd-pipeline/core/src/boss_blinds/mod.rs
FN:140,_RINvXs0_NvXNvNtCs6ewEfsi5izM_10balatro_rs11boss_blindss1_1__NtBb_11BossBlindIdNtNtCsWuCv7H75Ac_5serde2de11Deserialize11deserializeNtB6_9___VisitorNtB1g_7Visitor10visit_enumpEBd_
FN:178,_RINvXs0_NvXNvNtCs6ewEfsi5izM_10balatro_rs11boss_blindss3_1__NtBb_14BossBlindStateNtNtCsWuCv7H75Ac_5serde2de11Deserialize11deserializeNtB6_9___VisitorNtB1j_7Visitor9visit_mappEBd_
FN:178,_RINvXs0_NvXNvNtCs6ewEfsi5izM_10balatro_rs11boss_blindss3_1__NtBb_14BossBlindStateNtNtCsWuCv7H75Ac_5serde2de11Deserialize11deserializeNtB6_9___VisitorNtB1j_7Visitor9visit_seqpEBd_
FN:24,_RINvXs0_NvXNvNtCs6ewEfsi5izM_10balatro_rs11boss_blindss_1__NtBb_13BossBlindDataNtNtCsWuCv7H75Ac_5serde2de11Deserialize11deserializeNtB6_9___VisitorNtB1h_7Visitor10visit_enumpEBd_
FN:130,_RNvMNtCs6ewEfsi5izM_10balatro_rs11boss_blindsNtB2_16HandModification13force_discard
FN:114,_RNvMNtCs6ewEfsi5izM_10balatro_rs11boss_blindsNtB2_16HandModification14multiply_score
FN:104,_RNvMNtCs6ewEfsi5izM_10balatro_rs11boss_blindsNtB2_16HandModification3new
FN:122,_RNvMNtCs6ewEfsi5izM_10balatro_rs11boss_blindsNtB2_16HandModification9add_score
FN:169,_RNvMs0_NtCs6ewEfsi5izM_10balatro_rs11boss_blindsNtB5_11BossBlindId17reward_multiplier
FN:162,_RNvMs0_NtCs6ewEfsi5izM_10balatro_rs11boss_blindsNtB5_11BossBlindId22base_score_requirement
FN:157,_RNvMs0_NtCs6ewEfsi5izM_10balatro_rs11boss_blindsNtB5_11BossBlindId3all
FN:202,_RNvMs1_NtCs6ewEfsi5izM_10balatro_rs11boss_blindsNtB5_14BossBlindState10deactivate
FN:214,_RNvMs1_NtCs6ewEfsi5izM_10balatro_rs11boss_blindsNtB5_14BossBlindState11active_boss
FN:224,_RNvMs1_NtCs6ewEfsi5izM_10balatro_rs11boss_blindsNtB5_14BossBlindState16get_custom_state
FN:219,_RNvMs1_NtCs6ewEfsi5izM_10balatro_rs11boss_blindsNtB5_14BossBlindState16set_custom_state
FN:195,_RNvMs1_NtCs6ewEfsi5izM_10balatro_rs11boss_blindsNtB5_14BossBlindState8activate
FN:209,_RNvMs1_NtCs6ewEfsi5izM_10balatro_rs11boss_blindsNtB5_14BossBlindState9is_active
FN:148,_RNvXs_NtCs6ewEfsi5izM_10balatro_rs11boss_blindsNtB4_11BossBlindIdNtNtCs1p5UDGgVI4d_4core3fmt7Display3fmt
FN:78,_RNvYpNtNtCs6ewEfsi5izM_10balatro_rs11boss_blinds16BossBlindScoring12affects_cardB7_
FN:190,_RNvMs1_NtCs6ewEfsi5izM_10balatro_rs11boss_blindsNtB5_14BossBlindState3new
FN:140,_RINvXs0_NvXNvNtCsfztrlbScSWy_10balatro_rs11boss_blindss1_1__NtBb_11BossBlindIdNtNtCsWuCv7H75Ac_5serde2de11Deserialize11deserializeNtB6_9___VisitorNtB1g_7Visitor10visit_enumINtNtCs9DWYcYz1PvJ_10serde_json2de13VariantAccessNtNtB2P_4read7StrReadEEBd_
FN:140,_RINvXs0_NvXNvNtCsfztrlbScSWy_10balatro_rs11boss_blindss1_1__NtBb_11BossBlindIdNtNtCsWuCv7H75Ac_5serde2de11Deserialize11deserializeNtB6_9___VisitorNtB1g_7Visitor10visit_enumINtNtCs9DWYcYz1PvJ_10serde_json2de17UnitVariantAccessNtNtB2P_4read7StrReadEEBd_
FN:178,_RINvXs0_NvXNvNtCsfztrlbScSWy_10balatro_rs11boss_blindss3_1__NtBb_14BossBlindStateNtNtCsWuCv7H75Ac_5serde2de11Deserialize11deserializeNtB6_9___VisitorNtB1j_7Visitor9visit_mapINtNtCs9DWYcYz1PvJ_10serde_json2de9MapAccessNtNtB2Q_4read7StrReadEEBd_
FN:178,_RINvXs0_NvXNvNtCsfztrlbScSWy_10balatro_rs11boss_blindss3_1__NtBb_14BossBlindStateNtNtCsWuCv7H75Ac_5serde2de11Deserialize11deserializeNtB6_9___VisitorNtB1j_7Visitor9visit_seqINtNtCs9DWYcYz1PvJ_10serde_json2de9SeqAccessNtNtB2Q_4read7StrReadEEBd_
FN:24,_RINvXs0_NvXNvNtCsfztrlbScSWy_10balatro_rs11boss_blindss_1__NtBb_13BossBlindDataNtNtCsWuCv7H75Ac_5serde2de11Deserialize11deserializeNtB6_9___VisitorNtB1h_7Visitor10visit_enumINtNtCs9DWYcYz1PvJ_10serde_json2de13VariantAccessNtNtB2Q_4read7StrReadEEBd_
FN:24,_RINvXs0_NvXNvNtCsfztrlbScSWy_10balatro_rs11boss_blindss_1__NtBb_13BossBlindDataNtNtCsWuCv7H75Ac_5serde2de11Deserialize11deserializeNtB6_9___VisitorNtB1h_7Visitor10visit_enumINtNtCs9DWYcYz1PvJ_10serde_json2de17UnitVariantAccessNtNtB2Q_4read7StrReadEEBd_
FN:130,_RNvMNtCsfztrlbScSWy_10balatro_rs11boss_blindsNtB2_16HandModification13force_discard
FN:114,_RNvMNtCsfztrlbScSWy_10balatro_rs11boss_blindsNtB2_16HandModification14multiply_score
FN:104,_RNvMNtCsfztrlbScSWy_10balatro_rs11boss_blindsNtB2_16HandModification3new
FN:122,_RNvMNtCsfztrlbScSWy_10balatro_rs11boss_blindsNtB2_16HandModification9add_score
FN:169,_RNvMs0_NtCsfztrlbScSWy_10balatro_rs11boss_blindsNtB5_11BossBlindId17reward_multiplier
FN:162,_RNvMs0_NtCsfztrlbScSWy_10balatro_rs11boss_blindsNtB5_11BossBlindId22base_score_requirement
FN:157,_RNvMs0_NtCsfztrlbScSWy_10balatro_rs11boss_blindsNtB5_11BossBlindId3all
FN:202,_RNvMs1_NtCsfztrlbScSWy_10balatro_rs11boss_blindsNtB5_14BossBlindState10deactivate
FN:214,_RNvMs1_NtCsfztrlbScSWy_10balatro_rs11boss_blindsNtB5_14BossBlindState11active_boss
FN:224,_RNvMs1_NtCsfztrlbScSWy_10balatro_rs11boss_blindsNtB5_14BossBlindState16get_custom_state
FN:219,_RNvMs1_NtCsfztrlbScSWy_10balatro_rs11boss_blindsNtB5_14BossBlindState16set_custom_state
FN:190,_RNvMs1_NtCsfztrlbScSWy_10balatro_rs11boss_blindsNtB5_14BossBlindState3new
FN:195,_RNvMs1_NtCsfztrlbScSWy_10balatro_rs11boss_blindsNtB5_14BossBlindState8activate
FN:209,_RNvMs1_NtCsfztrlbScSWy_10balatro_rs11boss_blindsNtB5_14BossBlindState9is_active
FN:148,_RNvXs_NtCsfztrlbScSWy_10balatro_rs11boss_blindsNtB4_11BossBlindIdNtNtCs1p5UDGgVI4d_4core3fmt7Display3fmt
FN:78,_RNvYpNtNtCsfztrlbScSWy_10balatro_rs11boss_blinds16BossBlindScoring12affects_cardB7_
FNDA:0,_RINvXs0_NvXNvNtCs6ewEfsi5izM_10balatro_rs11boss_blindss1_1__NtBb_11BossBlindIdNtNtCsWuCv7H75Ac_5serde2de11Deserialize11deserializeNtB6_9___VisitorNtB1g_7Visitor10visit_enumpEBd_
FNDA:0,_RINvXs0_NvXNvNtCs6ewEfsi5izM_10balatro_rs11boss_blindss3_1__NtBb_14BossBlindStateNtNtCsWuCv7H75Ac_5serde2de11Deserialize11deserializeNtB6_9___VisitorNtB1j_7Visitor9visit_mappEBd_
FNDA:0,_RINvXs0_NvXNvNtCs6ewEfsi5izM_10balatro_rs11boss_blindss3_1__NtBb_14BossBlindStateNtNtCsWuCv7H75Ac_5serde2de11Deserialize11deserializeNtB6_9___VisitorNtB1j_7Visitor9visit_seqpEBd_
FNDA:0,_RINvXs0_NvXNvNtCs6ewEfsi5izM_10balatro_rs11boss_blindss_1__NtBb_13BossBlindDataNtNtCsWuCv7H75Ac_5serde2de11Deserialize11deserializeNtB6_9___VisitorNtB1h_7Visitor10visit_enumpEBd_
FNDA:0,_RNvMNtCs6ewEfsi5izM_10balatro_rs11boss_blindsNtB2_16HandModification13force_discard
FNDA:0,_RNvMNtCs6ewEfsi5izM_10balatro_rs11boss_blindsNtB2_16HandModification14multiply_score
FNDA:0,_RNvMNtCs6ewEfsi5izM_10balatro_rs11boss_blindsNtB2_16HandModification3new
FNDA:0,_RNvMNtCs6ewEfsi5izM_10balatro_rs11boss_blindsNtB2_16HandModification9add_score
FNDA:0,_RNvMs0_NtCs6ewEfsi5izM_10balatro_rs11boss_blindsNtB5_11BossBlindId17reward_multiplier
FNDA:0,_RNvMs0_NtCs6ewEfsi5izM_10balatro_rs11boss_blindsNtB5_11BossBlindId22base_score_requirement
FNDA:0,_RNvMs0_NtCs6ewEfsi5izM_10balatro_rs11boss_blindsNtB5_11BossBlindId3all
FNDA:0,_RNvMs1_NtCs6ewEfsi5izM_10balatro_rs11boss_blindsNtB5_14BossBlindState10deactivate
FNDA:0,_RNvMs1_NtCs6ewEfsi5izM_10balatro_rs11boss_blindsNtB5_14BossBlindState11active_boss
FNDA:0,_RNvMs1_NtCs6ewEfsi5izM_10balatro_rs11boss_blindsNtB5_14BossBlindState16get_custom_state
FNDA:0,_RNvMs1_NtCs6ewEfsi5izM_10balatro_rs11boss_blindsNtB5_14BossBlindState16set_custom_state
FNDA:0,_RNvMs1_NtCs6ewEfsi5izM_10balatro_rs11boss_blindsNtB5_14BossBlindState8activate
FNDA:0,_RNvMs1_NtCs6ewEfsi5izM_10balatro_rs11boss_blindsNtB5_14BossBlindState9is_active
FNDA:0,_RNvXs_NtCs6ewEfsi5izM_10balatro_rs11boss_blindsNtB4_11BossBlindIdNtNtCs1p5UDGgVI4d_4core3fmt7Display3fmt
FNDA:0,_RNvYpNtNtCs6ewEfsi5izM_10balatro_rs11boss_blinds16BossBlindScoring12affects_cardB7_
FNDA:59,_RNvMs1_NtCs6ewEfsi5izM_10balatro_rs11boss_blindsNtB5_14BossBlindState3new
FNDA:0,_RINvXs0_NvXNvNtCsfztrlbScSWy_10balatro_rs11boss_blindss1_1__NtBb_11BossBlindIdNtNtCsWuCv7H75Ac_5serde2de11Deserialize11deserializeNtB6_9___VisitorNtB1g_7Visitor10visit_enumINtNtCs9DWYcYz1PvJ_10serde_json2de13VariantAccessNtNtB2P_4read7StrReadEEBd_
FNDA:0,_RINvXs0_NvXNvNtCsfztrlbScSWy_10balatro_rs11boss_blindss1_1__NtBb_11BossBlindIdNtNtCsWuCv7H75Ac_5serde2de11Deserialize11deserializeNtB6_9___VisitorNtB1g_7Visitor10visit_enumINtNtCs9DWYcYz1PvJ_10serde_json2de17UnitVariantAccessNtNtB2P_4read7StrReadEEBd_
FNDA:0,_RINvXs0_NvXNvNtCsfztrlbScSWy_10balatro_rs11boss_blindss3_1__NtBb_14BossBlindStateNtNtCsWuCv7H75Ac_5serde2de11Deserialize11deserializeNtB6_9___VisitorNtB1j_7Visitor9visit_mapINtNtCs9DWYcYz1PvJ_10serde_json2de9MapAccessNtNtB2Q_4read7StrReadEEBd_
FNDA:0,_RINvXs0_NvXNvNtCsfztrlbScSWy_10balatro_rs11boss_blindss3_1__NtBb_14BossBlindStateNtNtCsWuCv7H75Ac_5serde2de11Deserialize11deserializeNtB6_9___VisitorNtB1j_7Visitor9visit_seqINtNtCs9DWYcYz1PvJ_10serde_json2de9SeqAccessNtNtB2Q_4read7StrReadEEBd_
FNDA:0,_RINvXs0_NvXNvNtCsfztrlbScSWy_10balatro_rs11boss_blindss_1__NtBb_13BossBlindDataNtNtCsWuCv7H75Ac_5serde2de11Deserialize11deserializeNtB6_9___VisitorNtB1h_7Visitor10visit_enumINtNtCs9DWYcYz1PvJ_10serde_json2de13VariantAccessNtNtB2Q_4read7StrReadEEBd_
FNDA:0,_RINvXs0_NvXNvNtCsfztrlbScSWy_10balatro_rs11boss_blindss_1__NtBb_13BossBlindDataNtNtCsWuCv7H75Ac_5serde2de11Deserialize11deserializeNtB6_9___VisitorNtB1h_7Visitor10visit_enumINtNtCs9DWYcYz1PvJ_10serde_json2de17UnitVariantAccessNtNtB2Q_4read7StrReadEEBd_
FNDA:0,_RNvMNtCsfztrlbScSWy_10balatro_rs11boss_blindsNtB2_16HandModification13force_discard
FNDA:0,_RNvMNtCsfztrlbScSWy_10balatro_rs11boss_blindsNtB2_16HandModification14multiply_score
FNDA:1,_RNvMNtCsfztrlbScSWy_10balatro_rs11boss_blindsNtB2_16HandModification3new
FNDA:0,_RNvMNtCsfztrlbScSWy_10balatro_rs11boss_blindsNtB2_16HandModification9add_score
FNDA:0,_RNvMs0_NtCsfztrlbScSWy_10balatro_rs11boss_blindsNtB5_11BossBlindId17reward_multiplier
FNDA:0,_RNvMs0_NtCsfztrlbScSWy_10balatro_rs11boss_blindsNtB5_11BossBlindId22base_score_requirement
FNDA:0,_RNvMs0_NtCsfztrlbScSWy_10balatro_rs11boss_blindsNtB5_11BossBlindId3all
FNDA:0,_RNvMs1_NtCsfztrlbScSWy_10balatro_rs11boss_blindsNtB5_14BossBlindState10deactivate
FNDA:1,_RNvMs1_NtCsfztrlbScSWy_10balatro_rs11boss_blindsNtB5_14BossBlindState11active_boss
FNDA:0,_RNvMs1_NtCsfztrlbScSWy_10balatro_rs11boss_blindsNtB5_14BossBlindState16get_custom_state
FNDA:0,_RNvMs1_NtCsfztrlbScSWy_10balatro_rs11boss_blindsNtB5_14BossBlindState16set_custom_state
FNDA:55,_RNvMs1_NtCsfztrlbScSWy_10balatro_rs11boss_blindsNtB5_14BossBlindState3new
FNDA:0,_RNvMs1_NtCsfztrlbScSWy_10balatro_rs11boss_blindsNtB5_14BossBlindState8activate
FNDA:1,_RNvMs1_NtCsfztrlbScSWy_10balatro_rs11boss_blindsNtB5_14BossBlindState9is_active
FNDA:0,_RNvXs_NtCsfztrlbScSWy_10balatro_rs11boss_blindsNtB4_11BossBlindIdNtNtCs1p5UDGgVI4d_4core3fmt7Display3fmt
FNDA:0,_RNvYpNtNtCsfztrlbScSWy_10balatro_rs11boss_blinds16BossBlindScoring12affects_cardB7_
FNF:19
FNH:4
DA:24,0
DA:78,0
DA:80,0
DA:81,0
DA:82,0
DA:104,1
DA:105,1
DA:106,1
DA:107,1
DA:108,1
DA:109,1
DA:110,1
DA:111,1
DA:114,0
DA:115,0
DA:116,0
DA:117,0
DA:118,0
DA:119,0
DA:122,0
DA:123,0
DA:124,0
DA:125,0
DA:126,0
DA:127,0
DA:130,0
DA:131,0
DA:132,0
DA:133,0
DA:134,0
DA:135,0
DA:140,0
DA:148,0
DA:149,0
DA:150,0
DA:152,0
DA:157,0
DA:158,0
DA:159,0
DA:162,0
DA:163,0
DA:164,0
DA:166,0
DA:169,0
DA:170,0
DA:171,0
DA:173,0
DA:178,0
DA:190,114
DA:191,114
DA:192,114
DA:195,0
DA:196,0
DA:197,0
DA:198,0
DA:199,0
DA:202,0
DA:203,0
DA:204,0
DA:205,0
DA:206,0
DA:209,1
DA:210,1
DA:211,1
DA:214,1
DA:215,1
DA:216,1
DA:219,0
DA:220,0
DA:221,0
DA:224,0
DA:225,0
DA:226,0
BRF:0
BRH:0
LF:73
LH:17
end_of_record
SF:/home/spduncan/balatro-rs-ws/fix-issue-184-cicd-pipeline/core/src/card.rs
FN:77,_RINvXs0_NvXNvNtCs6ewEfsi5izM_10balatro_rs4cards2_1__NtBb_4SuitNtNtCsWuCv7H75Ac_5serde2de11Deserialize11deserializeNtB6_9___VisitorNtB10_7Visitor10visit_enumpEBd_
FN:116,_RINvXs0_NvXNvNtCs6ewEfsi5izM_10balatro_rs4cards5_1__NtBb_11EnhancementNtNtCsWuCv7H75Ac_5serde2de11Deserialize11deserializeNtB6_9___VisitorNtB18_7Visitor10visit_enumpEBd_
FN:131,_RINvXs0_NvXNvNtCs6ewEfsi5izM_10balatro_rs4cards8_1__NtBb_7EditionNtNtCsWuCv7H75Ac_5serde2de11Deserialize11deserializeNtB6_9___VisitorNtB13_7Visitor10visit_enumpEBd_
FN:13,_RINvXs0_NvXNvNtCs6ewEfsi5izM_10balatro_rs4cards_1__NtBb_5ValueNtNtCsWuCv7H75Ac_5serde2de11Deserialize11deserializeNtB6_9___VisitorNtB10_7Visitor10visit_enumpEBd_
FN:143,_RINvXs0_NvXNvNtCs6ewEfsi5izM_10balatro_rs4cardsb_1__NtBb_4SealNtNtCsWuCv7H75Ac_5serde2de11Deserialize11deserializeNtB6_9___VisitorNtB10_7Visitor10visit_enumpEBd_
FN:158,_RINvXs0_NvXNvNtCs6ewEfsi5izM_10balatro_rs4cardse_1__NtBb_4CardNtNtCsWuCv7H75Ac_5serde2de11Deserialize11deserializeNtB6_9___VisitorNtB10_7Visitor9visit_mappEBd_
FN:158,_RINvXs0_NvXNvNtCs6ewEfsi5izM_10balatro_rs4cardse_1__NtBb_4CardNtNtCsWuCv7H75Ac_5serde2de11Deserialize11deserializeNtB6_9___VisitorNtB10_7Visitor9visit_seqpEBd_
FN:105,_RNvXs1_NtCs6ewEfsi5izM_10balatro_rs4cardcINtNtCs1p5UDGgVI4d_4core7convert4FromNtB5_4SuitE4from
FN:51,_RNvMNtCs6ewEfsi5izM_10balatro_rs4cardNtB2_5Value6values
FN:91,_RNvMs0_NtCs6ewEfsi5izM_10balatro_rs4cardNtB5_4Suit5suits
FN:94,_RNvMs0_NtCs6ewEfsi5izM_10balatro_rs4cardNtB5_4Suit7unicode
FN:132,_RNvMs17_NtCs6ewEfsi5izM_10balatro_rs4cardNtB6_7Edition38___pymethod___default___pyo3__int______
FN:132,_RNvMs17_NtCs6ewEfsi5izM_10balatro_rs4cardNtB6_7Edition39___pymethod___default___pyo3__repr______
FN:144,_RNvMs1q_NtCs6ewEfsi5izM_10balatro_rs4cardNtB6_4Seal38___pymethod___default___pyo3__int______
FN:144,_RNvMs1q_NtCs6ewEfsi5izM_10balatro_rs4cardNtB6_4Seal39___pymethod___default___pyo3__repr______
FN:171,_RNvMs2_NtCs6ewEfsi5izM_10balatro_rs4cardNtB5_4Card3new
FN:195,_RNvMs2_NtCs6ewEfsi5izM_10balatro_rs4cardNtB5_4Card5chips
FN:191,_RNvMs2_NtCs6ewEfsi5izM_10balatro_rs4cardNtB5_4Card6is_odd
FN:187,_RNvMs2_NtCs6ewEfsi5izM_10balatro_rs4cardNtB5_4Card7is_even
FN:183,_RNvMs2_NtCs6ewEfsi5izM_10balatro_rs4cardNtB5_4Card7is_face
FN:117,_RNvMsO_NtCs6ewEfsi5izM_10balatro_rs4cardNtB5_11Enhancement38___pymethod___default___pyo3__int______
FN:117,_RNvMsO_NtCs6ewEfsi5izM_10balatro_rs4cardNtB5_11Enhancement39___pymethod___default___pyo3__repr______
FN:14,_RNvMsc_NtCs6ewEfsi5izM_10balatro_rs4cardNtB5_5Value38___pymethod___default___pyo3__int______
FN:14,_RNvMsc_NtCs6ewEfsi5izM_10balatro_rs4cardNtB5_5Value39___pymethod___default___pyo3__repr______
FN:78,_RNvMsv_NtCs6ewEfsi5izM_10balatro_rs4cardNtB5_4Suit38___pymethod___default___pyo3__int______
FN:78,_RNvMsv_NtCs6ewEfsi5izM_10balatro_rs4cardNtB5_4Suit39___pymethod___default___pyo3__repr______
FN:215,_RNvXs3_NtCs6ewEfsi5izM_10balatro_rs4cardNtB5_4CardNtNtCs1p5UDGgVI4d_4core3fmt5Debug3fmt
FN:230,_RNvXs4_NtCs6ewEfsi5izM_10balatro_rs4cardNtB5_4CardNtNtCs1p5UDGgVI4d_4core3fmt7Display3fmt
FN:57,_RNvXs_NtCs6ewEfsi5izM_10balatro_rs4cardcINtNtCs1p5UDGgVI4d_4core7convert4FromNtB4_5ValueE4from
FN:264,_RNvNtNtCs6ewEfsi5izM_10balatro_rs4card5testss_13test_even_odd
FN:249,_RNvNtNtCs6ewEfsi5izM_10balatro_rs4card5testss_16test_constructor
FN:256,_RNvNtNtCs6ewEfsi5izM_10balatro_rs4card5testss_9test_face
FN:51,_RNvMNtCsfztrlbScSWy_10balatro_rs4cardNtB2_5Value6values
FN:91,_RNvMs0_NtCsfztrlbScSWy_10balatro_rs4cardNtB5_4Suit5suits
FN:94,_RNvMs0_NtCsfztrlbScSWy_10balatro_rs4cardNtB5_4Suit7unicode
FN:132,_RNvMs17_NtCsfztrlbScSWy_10balatro_rs4cardNtB6_7Edition38___pymethod___default___pyo3__int______
FN:132,_RNvMs17_NtCsfztrlbScSWy_10balatro_rs4cardNtB6_7Edition39___pymethod___default___pyo3__repr______
FN:144,_RNvMs1q_NtCsfztrlbScSWy_10balatro_rs4cardNtB6_4Seal38___pymethod___default___pyo3__int______
FN:144,_RNvMs1q_NtCsfztrlbScSWy_10balatro_rs4cardNtB6_4Seal39___pymethod___default___pyo3__repr______
FN:171,_RNvMs2_NtCsfztrlbScSWy_10balatro_rs4cardNtB5_4Card3new
FN:195,_RNvMs2_NtCsfztrlbScSWy_10balatro_rs4cardNtB5_4Card5chips
FN:191,_RNvMs2_NtCsfztrlbScSWy_10balatro_rs4cardNtB5_4Card6is_odd
FN:187,_RNvMs2_NtCsfztrlbScSWy_10balatro_rs4cardNtB5_4Card7is_even
FN:183,_RNvMs2_NtCsfztrlbScSWy_10balatro_rs4cardNtB5_4Card7is_face
FN:117,_RNvMsO_NtCsfztrlbScSWy_10balatro_rs4cardNtB5_11Enhancement38___pymethod___default___pyo3__int______
FN:117,_RNvMsO_NtCsfztrlbScSWy_10balatro_rs4cardNtB5_11Enhancement39___pymethod___default___pyo3__repr______
FN:14,_RNvMsc_NtCsfztrlbScSWy_10balatro_rs4cardNtB5_5Value38___pymethod___default___pyo3__int______
FN:14,_RNvMsc_NtCsfztrlbScSWy_10balatro_rs4cardNtB5_5Value39___pymethod___default___pyo3__repr______
FN:78,_RNvMsv_NtCsfztrlbScSWy_10balatro_rs4cardNtB5_4Suit38___pymethod___default___pyo3__int______
FN:78,_RNvMsv_NtCsfztrlbScSWy_10balatro_rs4cardNtB5_4Suit39___pymethod___default___pyo3__repr______
FN:105,_RNvXs1_NtCsfztrlbScSWy_10balatro_rs4cardcINtNtCs1p5UDGgVI4d_4core7convert4FromNtB5_4SuitE4from
FN:215,_RNvXs3_NtCsfztrlbScSWy_10balatro_rs4cardNtB5_4CardNtNtCs1p5UDGgVI4d_4core3fmt5Debug3fmt
FN:230,_RNvXs4_NtCsfztrlbScSWy_10balatro_rs4cardNtB5_4CardNtNtCs1p5UDGgVI4d_4core3fmt7Display3fmt
FN:57,_RNvXs_NtCsfztrlbScSWy_10balatro_rs4cardcINtNtCs1p5UDGgVI4d_4core7convert4FromNtB4_5ValueE4from
FN:77,_RINvXs0_NvXNvNtCsfztrlbScSWy_10balatro_rs4cards2_1__NtBb_4SuitNtNtCsWuCv7H75Ac_5serde2de11Deserialize11deserializeNtB6_9___VisitorNtB10_7Visitor10visit_enumINtNtCs9DWYcYz1PvJ_10serde_json2de13VariantAccessNtNtB2z_4read7StrReadEEBd_
FN:77,_RINvXs0_NvXNvNtCsfztrlbScSWy_10balatro_rs4cards2_1__NtBb_4SuitNtNtCsWuCv7H75Ac_5serde2de11Deserialize11deserializeNtB6_9___VisitorNtB10_7Visitor10visit_enumINtNtCs9DWYcYz1PvJ_10serde_json2de17UnitVariantAccessNtNtB2z_4read7StrReadEEBd_
FN:116,_RINvXs0_NvXNvNtCsfztrlbScSWy_10balatro_rs4cards5_1__NtBb_11EnhancementNtNtCsWuCv7H75Ac_5serde2de11Deserialize11deserializeNtB6_9___VisitorNtB18_7Visitor10visit_enumINtNtCs9DWYcYz1PvJ_10serde_json2de13VariantAccessNtNtB2H_4read7StrReadEEBd_
FN:116,_RINvXs0_NvXNvNtCsfztrlbScSWy_10balatro_rs4cards5_1__NtBb_11EnhancementNtNtCsWuCv7H75Ac_5serde2de11Deserialize11deserializeNtB6_9___VisitorNtB18_7Visitor10visit_enumINtNtCs9DWYcYz1PvJ_10serde_json2de17UnitVariantAccessNtNtB2H_4read7StrReadEEBd_
FN:131,_RINvXs0_NvXNvNtCsfztrlbScSWy_10balatro_rs4cards8_1__NtBb_7EditionNtNtCsWuCv7H75Ac_5serde2de11Deserialize11deserializeNtB6_9___VisitorNtB13_7Visitor10visit_enumINtNtCs9DWYcYz1PvJ_10serde_json2de13VariantAccessNtNtB2C_4read7StrReadEEBd_
FN:131,_RINvXs0_NvXNvNtCsfztrlbScSWy_10balatro_rs4cards8_1__NtBb_7EditionNtNtCsWuCv7H75Ac_5serde2de11Deserialize11deserializeNtB6_9___VisitorNtB13_7Visitor10visit_enumINtNtCs9DWYcYz1PvJ_10serde_json2de17UnitVariantAccessNtNtB2C_4read7StrReadEEBd_
FN:13,_RINvXs0_NvXNvNtCsfztrlbScSWy_10balatro_rs4cards_1__NtBb_5ValueNtNtCsWuCv7H75Ac_5serde2de11Deserialize11deserializeNtB6_9___VisitorNtB10_7Visitor10visit_enumINtNtCs9DWYcYz1PvJ_10serde_json2de13VariantAccessNtNtB2z_4read7StrReadEEBd_
FN:13,_RINvXs0_NvXNvNtCsfztrlbScSWy_10balatro_rs4cards_1__NtBb_5ValueNtNtCsWuCv7H75Ac_5serde2de11Deserialize11deserializeNtB6_9___VisitorNtB10_7Visitor10visit_enumINtNtCs9DWYcYz1PvJ_10serde_json2de17UnitVariantAccessNtNtB2z_4read7StrReadEEBd_
FN:143,_RINvXs0_NvXNvNtCsfztrlbScSWy_10balatro_rs4cardsb_1__NtBb_4SealNtNtCsWuCv7H75Ac_5serde2de11Deserialize11deserializeNtB6_9___VisitorNtB10_7Visitor10visit_enumINtNtCs9DWYcYz1PvJ_10serde_json2de13VariantAccessNtNtB2z_4read7StrReadEEBd_
FN:143,_RINvXs0_NvXNvNtCsfztrlbScSWy_10balatro_rs4cardsb_1__NtBb_4SealNtNtCsWuCv7H75Ac_5serde2de11Deserialize11deserializeNtB6_9___VisitorNtB10_7Visitor10visit_enumINtNtCs9DWYcYz1PvJ_10serde_json2de17UnitVariantAccessNtNtB2z_4read7StrReadEEBd_
FN:158,_RINvXs0_NvXNvNtCsfztrlbScSWy_10balatro_rs4cardse_1__NtBb_4CardNtNtCsWuCv7H75Ac_5serde2de11Deserialize11deserializeNtB6_9___VisitorNtB10_7Visitor9visit_mapINtNtCs9DWYcYz1PvJ_10serde_json2de9MapAccessNtNtB2x_4read7StrReadEEBd_
FN:158,_RINvXs0_NvXNvNtCsfztrlbScSWy_10balatro_rs4cardse_1__NtBb_4CardNtNtCsWuCv7H75Ac_5serde2de11Deserialize11deserializeNtB6_9___VisitorNtB10_7Visitor9visit_seqINtNtCs9DWYcYz1PvJ_10serde_json2de9SeqAccessNtNtB2x_4read7StrReadEEBd_
FNDA:0,_RINvXs0_NvXNvNtCs6ewEfsi5izM_10balatro_rs4cards2_1__NtBb_4SuitNtNtCsWuCv7H75Ac_5serde2de11Deserialize11deserializeNtB6_9___VisitorNtB10_7Visitor10visit_enumpEBd_
FNDA:0,_RINvXs0_NvXNvNtCs6ewEfsi5izM_10balatro_rs4cards5_1__NtBb_11EnhancementNtNtCsWuCv7H75Ac_5serde2de11Deserialize11deserializeNtB6_9___VisitorNtB18_7Visitor10visit_enumpEBd_
FNDA:0,_RINvXs0_NvXNvNtCs6ewEfsi5izM_10balatro_rs4cards8_1__NtBb_7EditionNtNtCsWuCv7H75Ac_5serde2de11Deserialize11deserializeNtB6_9___VisitorNtB13_7Visitor10visit_enumpEBd_
FNDA:0,_RINvXs0_NvXNvNtCs6ewEfsi5izM_10balatro_rs4cards_1__NtBb_5ValueNtNtCsWuCv7H75Ac_5serde2de11Deserialize11deserializeNtB6_9___VisitorNtB10_7Visitor10visit_enumpEBd_
FNDA:0,_RINvXs0_NvXNvNtCs6ewEfsi5izM_10balatro_rs4cardsb_1__NtBb_4SealNtNtCsWuCv7H75Ac_5serde2de11Deserialize11deserializeNtB6_9___VisitorNtB10_7Visitor10visit_enumpEBd_
FNDA:0,_RINvXs0_NvXNvNtCs6ewEfsi5izM_10balatro_rs4cardse_1__NtBb_4CardNtNtCsWuCv7H75Ac_5serde2de11Deserialize11deserializeNtB6_9___VisitorNtB10_7Visitor9visit_mappEBd_
FNDA:0,_RINvXs0_NvXNvNtCs6ewEfsi5izM_10balatro_rs4cardse_1__NtBb_4CardNtNtCsWuCv7H75Ac_5serde2de11Deserialize11deserializeNtB6_9___VisitorNtB10_7Visitor9visit_seqpEBd_
FNDA:0,_RNvXs1_NtCs6ewEfsi5izM_10balatro_rs4cardcINtNtCs1p5UDGgVI4d_4core7convert4FromNtB5_4SuitE4from
FNDA:59,_RNvMNtCs6ewEfsi5izM_10balatro_rs4cardNtB2_5Value6values
FNDA:767,_RNvMs0_NtCs6ewEfsi5izM_10balatro_rs4cardNtB5_4Suit5suits
FNDA:39885,_RNvMs0_NtCs6ewEfsi5izM_10balatro_rs4cardNtB5_4Suit7unicode
FNDA:0,_RNvMs17_NtCs6ewEfsi5izM_10balatro_rs4cardNtB6_7Edition38___pymethod___default___pyo3__int______
FNDA:0,_RNvMs17_NtCs6ewEfsi5izM_10balatro_rs4cardNtB6_7Edition39___pymethod___default___pyo3__repr______
FNDA:0,_RNvMs1q_NtCs6ewEfsi5izM_10balatro_rs4cardNtB6_4Seal38___pymethod___default___pyo3__int______
FNDA:0,_RNvMs1q_NtCs6ewEfsi5izM_10balatro_rs4cardNtB6_4Seal39___pymethod___default___pyo3__repr______
FNDA:3547,_RNvMs2_NtCs6ewEfsi5izM_10balatro_rs4cardNtB5_4Card3new
FNDA:180,_RNvMs2_NtCs6ewEfsi5izM_10balatro_rs4cardNtB5_4Card5chips
FNDA:5,_RNvMs2_NtCs6ewEfsi5izM_10balatro_rs4cardNtB5_4Card6is_odd
FNDA:5,_RNvMs2_NtCs6ewEfsi5izM_10balatro_rs4cardNtB5_4Card7is_even
FNDA:10,_RNvMs2_NtCs6ewEfsi5izM_10balatro_rs4cardNtB5_4Card7is_face
FNDA:0,_RNvMsO_NtCs6ewEfsi5izM_10balatro_rs4cardNtB5_11Enhancement38___pymethod___default___pyo3__int______
FNDA:0,_RNvMsO_NtCs6ewEfsi5izM_10balatro_rs4cardNtB5_11Enhancement39___pymethod___default___pyo3__repr______
FNDA:0,_RNvMsc_NtCs6ewEfsi5izM_10balatro_rs4cardNtB5_5Value38___pymethod___default___pyo3__int______
FNDA:0,_RNvMsc_NtCs6ewEfsi5izM_10balatro_rs4cardNtB5_5Value39___pymethod___default___pyo3__repr______
FNDA:0,_RNvMsv_NtCs6ewEfsi5izM_10balatro_rs4cardNtB5_4Suit38___pymethod___default___pyo3__int______
FNDA:0,_RNvMsv_NtCs6ewEfsi5izM_10balatro_rs4cardNtB5_4Suit39___pymethod___default___pyo3__repr______
FNDA:39885,_RNvXs3_NtCs6ewEfsi5izM_10balatro_rs4cardNtB5_4CardNtNtCs1p5UDGgVI4d_4core3fmt5Debug3fmt
FNDA:0,_RNvXs4_NtCs6ewEfsi5izM_10balatro_rs4cardNtB5_4CardNtNtCs1p5UDGgVI4d_4core3fmt7Display3fmt
FNDA:39885,_RNvXs_NtCs6ewEfsi5izM_10balatro_rs4cardcINtNtCs1p5UDGgVI4d_4core7convert4FromNtB4_5ValueE4from
FNDA:1,_RNvNtNtCs6ewEfsi5izM_10balatro_rs4card5testss_13test_even_odd
FNDA:1,_RNvNtNtCs6ewEfsi5izM_10balatro_rs4card5testss_16test_constructor
FNDA:1,_RNvNtNtCs6ewEfsi5izM_10balatro_rs4card5testss_9test_face
FNDA:56,_RNvMNtCsfztrlbScSWy_10balatro_rs4cardNtB2_5Value6values
FNDA:728,_RNvMs0_NtCsfztrlbScSWy_10balatro_rs4cardNtB5_4Suit5suits
FNDA:0,_RNvMs0_NtCsfztrlbScSWy_10balatro_rs4cardNtB5_4Suit7unicode
FNDA:0,_RNvMs17_NtCsfztrlbScSWy_10balatro_rs4cardNtB6_7Edition38___pymethod___default___pyo3__int______
FNDA:0,_RNvMs17_NtCsfztrlbScSWy_10balatro_rs4cardNtB6_7Edition39___pymethod___default___pyo3__repr______
FNDA:0,_RNvMs1q_NtCsfztrlbScSWy_10balatro_rs4cardNtB6_4Seal38___pymethod___default___pyo3__int______
FNDA:0,_RNvMs1q_NtCsfztrlbScSWy_10balatro_rs4cardNtB6_4Seal39___pymethod___default___pyo3__repr______
FNDA:2989,_RNvMs2_NtCsfztrlbScSWy_10balatro_rs4cardNtB5_4Card3new
FNDA:38,_RNvMs2_NtCsfztrlbScSWy_10balatro_rs4cardNtB5_4Card5chips
FNDA:0,_RNvMs2_NtCsfztrlbScSWy_10balatro_rs4cardNtB5_4Card6is_odd
FNDA:0,_RNvMs2_NtCsfztrlbScSWy_10balatro_rs4cardNtB5_4Card7is_even
FNDA:257,_RNvMs2_NtCsfztrlbScSWy_10balatro_rs4cardNtB5_4Card7is_face
FNDA:0,_RNvMsO_NtCsfztrlbScSWy_10balatro_rs4cardNtB5_11Enhancement38___pymethod___default___pyo3__int______
FNDA:0,_RNvMsO_NtCsfztrlbScSWy_10balatro_rs4cardNtB5_11Enhancement39___pymethod___default___pyo3__repr______
FNDA:0,_RNvMsc_NtCsfztrlbScSWy_10balatro_rs4cardNtB5_5Value38___pymethod___default___pyo3__int______
FNDA:0,_RNvMsc_NtCsfztrlbScSWy_10balatro_rs4cardNtB5_5Value39___pymethod___default___pyo3__repr______
FNDA:0,_RNvMsv_NtCsfztrlbScSWy_10balatro_rs4cardNtB5_4Suit38___pymethod___default___pyo3__int______
FNDA:0,_RNvMsv_NtCsfztrlbScSWy_10balatro_rs4cardNtB5_4Suit39___pymethod___default___pyo3__repr______
FNDA:0,_RNvXs1_NtCsfztrlbScSWy_10balatro_rs4cardcINtNtCs1p5UDGgVI4d_4core7convert4FromNtB5_4SuitE4from
FNDA:0,_RNvXs3_NtCsfztrlbScSWy_10balatro_rs4cardNtB5_4CardNtNtCs1p5UDGgVI4d_4core3fmt5Debug3fmt
FNDA:0,_RNvXs4_NtCsfztrlbScSWy_10balatro_rs4cardNtB5_4CardNtNtCs1p5UDGgVI4d_4core3fmt7Display3fmt
FNDA:0,_RNvXs_NtCsfztrlbScSWy_10balatro_rs4cardcINtNtCs1p5UDGgVI4d_4core7convert4FromNtB4_5ValueE4from
FNDA:0,_RINvXs0_NvXNvNtCsfztrlbScSWy_10balatro_rs4cards2_1__NtBb_4SuitNtNtCsWuCv7H75Ac_5serde2de11Deserialize11deserializeNtB6_9___VisitorNtB10_7Visitor10visit_enumINtNtCs9DWYcYz1PvJ_10serde_json2de13VariantAccessNtNtB2z_4read7StrReadEEBd_
FNDA:0,_RINvXs0_NvXNvNtCsfztrlbScSWy_10balatro_rs4cards2_1__NtBb_4SuitNtNtCsWuCv7H75Ac_5serde2de11Deserialize11deserializeNtB6_9___VisitorNtB10_7Visitor10visit_enumINtNtCs9DWYcYz1PvJ_10serde_json2de17UnitVariantAccessNtNtB2z_4read7StrReadEEBd_
FNDA:0,_RINvXs0_NvXNvNtCsfztrlbScSWy_10balatro_rs4cards5_1__NtBb_11EnhancementNtNtCsWuCv7H75Ac_5serde2de11Deserialize11deserializeNtB6_9___VisitorNtB18_7Visitor10visit_enumINtNtCs9DWYcYz1PvJ_10serde_json2de13VariantAccessNtNtB2H_4read7StrReadEEBd_
FNDA:0,_RINvXs0_NvXNvNtCsfztrlbScSWy_10balatro_rs4cards5_1__NtBb_11EnhancementNtNtCsWuCv7H75Ac_5serde2de11Deserialize11deserializeNtB6_9___VisitorNtB18_7Visitor10visit_enumINtNtCs9DWYcYz1PvJ_10serde_json2de17UnitVariantAccessNtNtB2H_4read7StrReadEEBd_
FNDA:0,_RINvXs0_NvXNvNtCsfztrlbScSWy_10balatro_rs4cards8_1__NtBb_7EditionNtNtCsWuCv7H75Ac_5serde2de11Deserialize11deserializeNtB6_9___VisitorNtB13_7Visitor10visit_enumINtNtCs9DWYcYz1PvJ_10serde_json2de13VariantAccessNtNtB2C_4read7StrReadEEBd_
FNDA:0,_RINvXs0_NvXNvNtCsfztrlbScSWy_10balatro_rs4cards8_1__NtBb_7EditionNtNtCsWuCv7H75Ac_5serde2de11Deserialize11deserializeNtB6_9___VisitorNtB13_7Visitor10visit_enumINtNtCs9DWYcYz1PvJ_10serde_json2de17UnitVariantAccessNtNtB2C_4read7StrReadEEBd_
FNDA:0,_RINvXs0_NvXNvNtCsfztrlbScSWy_10balatro_rs4cards_1__NtBb_5ValueNtNtCsWuCv7H75Ac_5serde2de11Deserialize11deserializeNtB6_9___VisitorNtB10_7Visitor10visit_enumINtNtCs9DWYcYz1PvJ_10serde_json2de13VariantAccessNtNtB2z_4read7StrReadEEBd_
FNDA:0,_RINvXs0_NvXNvNtCsfztrlbScSWy_10balatro_rs4cards_1__NtBb_5ValueNtNtCsWuCv7H75Ac_5serde2de11Deserialize11deserializeNtB6_9___VisitorNtB10_7Visitor10visit_enumINtNtCs9DWYcYz1PvJ_10serde_json2de17UnitVariantAccessNtNtB2z_4read7StrReadEEBd_
FNDA:0,_RINvXs0_NvXNvNtCsfztrlbScSWy_10balatro_rs4cardsb_1__NtBb_4SealNtNtCsWuCv7H75Ac_5serde2de11Deserialize11deserializeNtB6_9___VisitorNtB10_7Visitor10visit_enumINtNtCs9DWYcYz1PvJ_10serde_json2de13VariantAccessNtNtB2z_4read7StrReadEEBd_
FNDA:0,_RINvXs0_NvXNvNtCsfztrlbScSWy_10balatro_rs4cardsb_1__NtBb_4SealNtNtCsWuCv7H75Ac_5serde2de11Deserialize11deserializeNtB6_9___VisitorNtB10_7Visitor10visit_enumINtNtCs9DWYcYz1PvJ_10serde_json2de17UnitVariantAccessNtNtB2z_4read7StrReadEEBd_
FNDA:0,_RINvXs0_NvXNvNtCsfztrlbScSWy_10balatro_rs4cardse_1__NtBb_4CardNtNtCsWuCv7H75Ac_5serde2de11Deserialize11deserializeNtB6_9___VisitorNtB10_7Visitor9visit_mapINtNtCs9DWYcYz1PvJ_10serde_json2de9MapAccessNtNtB2x_4read7StrReadEEBd_
FNDA:0,_RINvXs0_NvXNvNtCsfztrlbScSWy_10balatro_rs4cardse_1__NtBb_4CardNtNtCsWuCv7H75Ac_5serde2de11Deserialize11deserializeNtB6_9___VisitorNtB10_7Visitor9visit_seqINtNtCs9DWYcYz1PvJ_10serde_json2de9SeqAccessNtNtB2x_4read7StrReadEEBd_
FNF:26
FNH:13
DA:13,0
DA:14,0
DA:51,115
DA:52,115
DA:53,115
DA:57,39885
DA:58,39885
DA:59,1218
DA:60,3358
DA:61,3300
DA:62,3112
DA:63,5676
DA:64,2787
DA:65,2535
DA:66,3354
DA:67,2698
DA:68,3865
DA:69,3938
DA:70,2471
DA:71,1573
DA:73,39885
DA:77,0
DA:78,0
DA:91,1495
DA:92,1495
DA:93,1495
DA:94,39885
DA:95,39885
DA:96,8710
DA:97,8609
DA:98,8817
DA:99,13749
DA:101,39885
DA:105,0
DA:106,0
DA:107,0
DA:108,0
DA:109,0
DA:110,0
DA:112,0
DA:116,0
DA:117,0
DA:131,0
DA:132,0
DA:143,0
DA:144,0
DA:158,0
DA:171,6536
DA:172,6536
DA:173,6536
DA:174,6536
DA:175,6536
DA:176,6536
DA:177,6536
DA:178,6536
DA:179,6536
DA:180,6536
DA:181,6536
DA:183,267
DA:184,267
DA:185,267
DA:187,5
DA:188,5
DA:189,5
DA:191,5
DA:192,5
DA:193,5
DA:195,218
DA:196,218
DA:197,10
DA:198,11
DA:199,10
DA:200,8
DA:201,9
DA:202,2
DA:203,3
DA:204,1
DA:205,11
DA:206,13
DA:207,4
DA:208,24
DA:209,112
DA:211,218
DA:215,39885
DA:217,39885
DA:218,8710
DA:219,8609
DA:220,8817
DA:221,13749
DA:225,39885
DA:226,39885
DA:230,0
DA:232,0
DA:233,0
DA:234,0
DA:235,0
DA:236,0
DA:240,0
DA:241,0
DA:249,1
DA:250,1
DA:251,1
DA:252,1
DA:253,1
DA:256,1
DA:257,1
DA:258,1
DA:259,1
DA:260,1
DA:261,1
DA:264,1
DA:266,1
DA:267,1
DA:268,1
DA:271,1
DA:272,1
DA:273,1
DA:276,1
DA:277,1
DA:278,1
DA:281,1
DA:282,1
DA:283,1
DA:286,1
DA:287,1
DA:288,1
DA:289,1
BRF:0
BRH:0
LF:127
LH:101
end_of_record
SF:/home/spduncan/balatro-rs-ws/fix-issue-184-cicd-pipeline/core/src/config.rs
FN:27,_RINvXs0_NvXNvNtCs6ewEfsi5izM_10balatro_rs6configs_1__NtBb_6ConfigNtNtCsWuCv7H75Ac_5serde2de11Deserialize11deserializeNtB6_9___VisitorNtB13_7Visitor9visit_mappEBd_
FN:27,_RINvXs0_NvXNvNtCs6ewEfsi5izM_10balatro_rs6configs_1__NtBb_6ConfigNtNtCsWuCv7H75Ac_5serde2de11Deserialize11deserializeNtB6_9___VisitorNtB13_7Visitor9visit_seqpEBd_
FN:56,_RNvMNtCs6ewEfsi5izM_10balatro_rs6configNtB2_6Config3new
FN:99,_RNvMsd_NtCs6ewEfsi5izM_10balatro_rs6configNtB5_6Config12get_ante_end
FN:139,_RNvMsd_NtCs6ewEfsi5izM_10balatro_rs6configNtB5_6Config12get_deck_max
FN:119,_RNvMsd_NtCs6ewEfsi5izM_10balatro_rs6configNtB5_6Config12get_discards
FN:104,_RNvMsd_NtCs6ewEfsi5izM_10balatro_rs6configNtB5_6Config12set_ante_end
FN:144,_RNvMsd_NtCs6ewEfsi5izM_10balatro_rs6configNtB5_6Config12set_deck_max
FN:124,_RNvMsd_NtCs6ewEfsi5izM_10balatro_rs6configNtB5_6Config12set_discards
FN:189,_RNvMsd_NtCs6ewEfsi5izM_10balatro_rs6configNtB5_6Config13get_money_max
FN:198,_RNvMsd_NtCs6ewEfsi5izM_10balatro_rs6configNtB5_6Config13get_stage_max
FN:194,_RNvMsd_NtCs6ewEfsi5izM_10balatro_rs6configNtB5_6Config13set_money_max
[...]
FNDA:3,_RNvMNtCs6ewEfsi5izM_10balatro_rs20static_joker_factoryNtB2_18StaticJokerFactory17create_zany_joker
FNDA:2,_RNvMNtCs6ewEfsi5izM_10balatro_rs20static_joker_factoryNtB2_18StaticJokerFactory18create_crazy_joker
FNDA:2,_RNvMNtCs6ewEfsi5izM_10balatro_rs20static_joker_factoryNtB2_18StaticJokerFactory18create_droll_joker
FNDA:2,_RNvMNtCs6ewEfsi5izM_10balatro_rs20static_joker_factoryNtB2_18StaticJokerFactory18create_even_steven
FNDA:4,_RNvMNtCs6ewEfsi5izM_10balatro_rs20static_joker_factoryNtB2_18StaticJokerFactory18create_jolly_joker
FNDA:4,_RNvMNtCs6ewEfsi5izM_10balatro_rs20static_joker_factoryNtB2_18StaticJokerFactory18create_lusty_joker
FNDA:1,_RNvMNtCs6ewEfsi5izM_10balatro_rs20static_joker_factoryNtB2_18StaticJokerFactory18create_steel_joker
FNDA:2,_RNvMNtCs6ewEfsi5izM_10balatro_rs20static_joker_factoryNtB2_18StaticJokerFactory19create_clever_joker
FNDA:2,_RNvMNtCs6ewEfsi5izM_10balatro_rs20static_joker_factoryNtB2_18StaticJokerFactory19create_crafty_joker
FNDA:4,_RNvMNtCs6ewEfsi5izM_10balatro_rs20static_joker_factoryNtB2_18StaticJokerFactory19create_greedy_joker
FNDA:2,_RNvMNtCs6ewEfsi5izM_10balatro_rs20static_joker_factoryNtB2_18StaticJokerFactory20create_devious_joker
FNDA:1,_RNvMNtCs6ewEfsi5izM_10balatro_rs20static_joker_factoryNtB2_18StaticJokerFactory21create_abstract_joker
FNDA:1,_RNvMNtCs6ewEfsi5izM_10balatro_rs20static_joker_factoryNtB2_18StaticJokerFactory21create_faceless_joker
FNDA:4,_RNvMNtCs6ewEfsi5izM_10balatro_rs20static_joker_factoryNtB2_18StaticJokerFactory21create_wrathful_joker
FNDA:4,_RNvMNtCs6ewEfsi5izM_10balatro_rs20static_joker_factoryNtB2_18StaticJokerFactory23create_gluttonous_joker
FNDA:2,_RNvMNtCs6ewEfsi5izM_10balatro_rs20static_joker_factoryNtB2_18StaticJokerFactory27create_lusty_joker_concrete
FNDA:2,_RNvMNtCs6ewEfsi5izM_10balatro_rs20static_joker_factoryNtB2_18StaticJokerFactory28create_greedy_joker_concrete
FNDA:2,_RNvMNtCs6ewEfsi5izM_10balatro_rs20static_joker_factoryNtB2_18StaticJokerFactory30create_wrathful_joker_concrete
FNDA:2,_RNvMNtCs6ewEfsi5izM_10balatro_rs20static_joker_factoryNtB2_18StaticJokerFactory32create_gluttonous_joker_concrete
FNDA:1,_RNvNtNtCs6ewEfsi5izM_10balatro_rs20static_joker_factory5testss_20test_all_suit_jokers
FNDA:1,_RNvNtNtCs6ewEfsi5izM_10balatro_rs20static_joker_factory5testss_22test_rank_based_jokers
FNDA:1,_RNvNtNtCs6ewEfsi5izM_10balatro_rs20static_joker_factory5testss_25test_basic_joker_creation
FNDA:1,_RNvNtNtCs6ewEfsi5izM_10balatro_rs20static_joker_factory5testss_28test_joker_cost_distribution
FNDA:1,_RNvNtNtCs6ewEfsi5izM_10balatro_rs20static_joker_factory5testss_30test_all_hand_type_chip_jokers
FNDA:1,_RNvNtNtCs6ewEfsi5izM_10balatro_rs20static_joker_factory5testss_30test_all_hand_type_mult_jokers
FNDA:1,_RNvNtNtCs6ewEfsi5izM_10balatro_rs20static_joker_factory5testss_30test_joker_rarity_distribution
FNDA:1,_RNvNtNtCs6ewEfsi5izM_10balatro_rs20static_joker_factory5testss_38test_all_factory_jokers_can_be_created
FNDA:0,_RNvMNtCsfztrlbScSWy_10balatro_rs20static_joker_factoryNtB2_18StaticJokerFactory12create_joker
FNDA:0,_RNvMNtCsfztrlbScSWy_10balatro_rs20static_joker_factoryNtB2_18StaticJokerFactory13create_banner
FNDA:1,_RNvMNtCsfztrlbScSWy_10balatro_rs20static_joker_factoryNtB2_18StaticJokerFactory13create_square
FNDA:1,_RNvMNtCsfztrlbScSWy_10balatro_rs20static_joker_factoryNtB2_18StaticJokerFactory13create_walkie
FNDA:0,_RNvMNtCsfztrlbScSWy_10balatro_rs20static_joker_factoryNtB2_18StaticJokerFactory14create_scholar
FNDA:0,_RNvMNtCsfztrlbScSWy_10balatro_rs20static_joker_factoryNtB2_18StaticJokerFactory15create_odd_todd
FNDA:1,_RNvMNtCsfztrlbScSWy_10balatro_rs20static_joker_factoryNtB2_18StaticJokerFactory15create_red_card
FNDA:0,_RNvMNtCsfztrlbScSWy_10balatro_rs20static_joker_factoryNtB2_18StaticJokerFactory16create_mad_joker
FNDA:0,_RNvMNtCsfztrlbScSWy_10balatro_rs20static_joker_factoryNtB2_18StaticJokerFactory16create_sly_joker
FNDA:1,_RNvMNtCsfztrlbScSWy_10balatro_rs20static_joker_factoryNtB2_18StaticJokerFactory17create_blue_joker
FNDA:0,_RNvMNtCsfztrlbScSWy_10balatro_rs20static_joker_factoryNtB2_18StaticJokerFactory17create_half_joker
FNDA:0,_RNvMNtCsfztrlbScSWy_10balatro_rs20static_joker_factoryNtB2_18StaticJokerFactory17create_wily_joker
FNDA:0,_RNvMNtCsfztrlbScSWy_10balatro_rs20static_joker_factoryNtB2_18StaticJokerFactory17create_zany_joker
FNDA:0,_RNvMNtCsfztrlbScSWy_10balatro_rs20static_joker_factoryNtB2_18StaticJokerFactory18create_crazy_joker
FNDA:0,_RNvMNtCsfztrlbScSWy_10balatro_rs20static_joker_factoryNtB2_18StaticJokerFactory18create_droll_joker
FNDA:0,_RNvMNtCsfztrlbScSWy_10balatro_rs20static_joker_factoryNtB2_18StaticJokerFactory18create_even_steven
FNDA:0,_RNvMNtCsfztrlbScSWy_10balatro_rs20static_joker_factoryNtB2_18StaticJokerFactory18create_jolly_joker
FNDA:0,_RNvMNtCsfztrlbScSWy_10balatro_rs20static_joker_factoryNtB2_18StaticJokerFactory18create_lusty_joker
FNDA:0,_RNvMNtCsfztrlbScSWy_10balatro_rs20static_joker_factoryNtB2_18StaticJokerFactory18create_steel_joker
FNDA:0,_RNvMNtCsfztrlbScSWy_10balatro_rs20static_joker_factoryNtB2_18StaticJokerFactory19create_clever_joker
FNDA:0,_RNvMNtCsfztrlbScSWy_10balatro_rs20static_joker_factoryNtB2_18StaticJokerFactory19create_crafty_joker
FNDA:0,_RNvMNtCsfztrlbScSWy_10balatro_rs20static_joker_factoryNtB2_18StaticJokerFactory19create_greedy_joker
FNDA:0,_RNvMNtCsfztrlbScSWy_10balatro_rs20static_joker_factoryNtB2_18StaticJokerFactory20create_devious_joker
FNDA:0,_RNvMNtCsfztrlbScSWy_10balatro_rs20static_joker_factoryNtB2_18StaticJokerFactory21create_abstract_joker
FNDA:1,_RNvMNtCsfztrlbScSWy_10balatro_rs20static_joker_factoryNtB2_18StaticJokerFactory21create_faceless_joker
FNDA:0,_RNvMNtCsfztrlbScSWy_10balatro_rs20static_joker_factoryNtB2_18StaticJokerFactory21create_wrathful_joker
FNDA:0,_RNvMNtCsfztrlbScSWy_10balatro_rs20static_joker_factoryNtB2_18StaticJokerFactory23create_gluttonous_joker
FNF:39
FNH:39
DA:11,4
DA:12,4
DA:13,4
DA:14,4
DA:15,4
DA:16,4
DA:17,4
DA:18,4
DA:19,4
DA:20,4
DA:21,4
DA:24,4
DA:25,4
DA:26,4
DA:27,4
DA:28,4
DA:29,4
DA:30,4
DA:31,4
DA:32,4
DA:33,4
DA:34,4
DA:35,4
DA:36,4
DA:37,4
DA:38,4
DA:39,4
DA:42,4
DA:43,4
DA:44,4
DA:45,4
DA:46,4
DA:47,4
DA:48,4
DA:49,4
DA:50,4
DA:51,4
DA:52,4
DA:53,4
DA:54,4
DA:55,4
DA:56,4
DA:57,4
DA:60,4
DA:61,4
DA:62,4
DA:63,4
DA:64,4
DA:65,4
DA:66,4
DA:67,4
DA:68,4
DA:69,4
DA:70,4
DA:71,4
DA:72,4
DA:73,4
DA:74,4
DA:75,4
DA:78,4
DA:79,4
DA:80,4
DA:81,4
DA:82,4
DA:83,4
DA:84,4
DA:85,4
DA:86,4
DA:87,4
DA:88,4
DA:89,4
DA:90,4
DA:91,4
DA:92,4
DA:93,4
DA:96,4
DA:97,4
DA:98,4
DA:99,4
DA:100,4
DA:101,4
DA:102,4
DA:103,4
DA:104,4
DA:105,4
DA:106,4
DA:107,4
DA:108,4
DA:109,4
DA:110,4
DA:111,4
DA:114,3
DA:115,3
DA:116,3
DA:117,3
DA:118,3
DA:119,3
DA:120,3
DA:121,3
DA:122,3
DA:123,3
DA:124,3
DA:125,3
DA:126,3
DA:127,3
DA:128,3
DA:129,3
DA:132,2
DA:133,2
DA:134,2
DA:135,2
DA:136,2
DA:137,2
DA:138,2
DA:139,2
DA:140,2
DA:141,2
DA:142,2
DA:143,2
DA:144,2
DA:145,2
DA:146,2
DA:147,2
DA:150,2
DA:151,2
DA:152,2
DA:153,2
DA:154,2
DA:155,2
DA:156,2
DA:157,2
DA:158,2
DA:159,2
DA:160,2
DA:161,2
DA:162,2
DA:163,2
DA:164,2
DA:165,2
DA:168,2
DA:169,2
DA:170,2
DA:171,2
DA:172,2
DA:173,2
DA:174,2
DA:175,2
DA:176,2
DA:177,2
DA:178,2
DA:179,2
DA:180,2
DA:181,2
DA:182,2
DA:183,2
DA:186,3
DA:187,3
DA:188,3
DA:189,3
DA:190,3
DA:191,3
DA:192,3
DA:193,3
DA:194,3
DA:195,3
DA:196,3
DA:197,3
DA:198,3
DA:199,3
DA:200,3
DA:201,3
DA:204,3
DA:205,3
DA:206,3
DA:207,3
DA:208,3
DA:209,3
DA:210,3
DA:211,3
DA:212,3
DA:213,3
DA:214,3
DA:215,3
DA:216,3
DA:217,3
DA:218,3
DA:219,3
DA:222,2
DA:223,2
DA:224,2
DA:225,2
DA:226,2
DA:227,2
DA:228,2
DA:229,2
DA:230,2
DA:231,2
DA:232,2
DA:233,2
DA:234,2
DA:235,2
DA:236,2
DA:237,2
DA:240,2
DA:241,2
DA:242,2
DA:243,2
DA:244,2
DA:245,2
DA:246,2
DA:247,2
DA:248,2
DA:249,2
DA:250,2
DA:251,2
DA:252,2
DA:253,2
DA:254,2
DA:255,2
DA:258,2
DA:259,2
DA:260,2
DA:261,2
DA:262,2
DA:263,2
DA:264,2
DA:265,2
DA:266,2
DA:267,2
DA:268,2
DA:269,2
DA:270,2
DA:271,2
DA:272,2
DA:273,2
DA:276,2
DA:277,2
DA:278,2
DA:279,2
DA:280,2
DA:281,2
DA:282,2
DA:283,2
DA:284,2
DA:285,2
DA:286,2
DA:287,2
DA:288,2
DA:289,2
DA:290,2
DA:291,2
DA:292,2
DA:293,2
DA:294,2
DA:295,2
DA:296,2
DA:297,2
DA:300,2
DA:301,2
DA:302,2
DA:303,2
DA:304,2
DA:305,2
DA:306,2
DA:307,2
DA:308,2
DA:309,2
DA:310,2
DA:311,2
DA:312,2
DA:313,2
DA:314,2
DA:315,2
DA:316,2
DA:317,2
DA:318,2
DA:319,2
DA:320,2
DA:321,2
DA:324,3
DA:325,3
DA:326,3
DA:327,3
DA:328,3
DA:329,3
DA:330,3
DA:331,3
DA:332,3
DA:333,3
DA:334,3
DA:335,3
DA:336,3
DA:337,3
DA:338,3
DA:339,3
DA:340,3
DA:343,2
DA:344,2
DA:345,2
DA:346,2
DA:347,2
DA:348,2
DA:349,2
DA:350,2
DA:351,2
DA:352,2
DA:353,2
DA:354,2
DA:355,2
DA:356,2
DA:357,2
DA:358,2
DA:359,2
DA:360,2
DA:361,2
DA:364,2
DA:365,2
DA:366,2
DA:367,2
DA:368,2
DA:369,2
DA:370,2
DA:371,2
DA:372,2
DA:373,2
DA:374,2
DA:375,2
DA:376,2
DA:377,2
DA:378,2
DA:379,2
DA:380,2
DA:381,2
DA:382,2
DA:385,2
DA:386,2
DA:387,2
DA:388,2
DA:389,2
DA:390,2
DA:391,2
DA:392,2
DA:393,2
DA:394,2
DA:395,2
DA:396,2
DA:397,2
DA:398,2
DA:399,2
DA:400,2
DA:401,2
DA:402,2
DA:403,2
DA:404,2
DA:407,2
DA:408,2
DA:409,2
DA:410,2
DA:411,2
DA:412,2
DA:413,2
DA:414,2
DA:415,2
DA:416,2
DA:417,2
DA:418,2
DA:419,2
DA:420,2
DA:421,2
DA:422,2
DA:423,2
DA:424,2
DA:425,2
DA:426,2
DA:427,2
DA:428,2
DA:429,2
DA:430,2
DA:431,2
DA:432,2
DA:435,2
DA:436,2
DA:437,2
DA:438,2
DA:439,2
DA:440,2
DA:441,2
DA:442,2
DA:443,2
DA:444,2
DA:445,2
DA:446,2
DA:447,2
DA:448,2
DA:449,2
DA:450,2
DA:451,2
DA:461,1
DA:463,1
DA:464,1
DA:465,1
DA:466,1
DA:467,1
DA:468,1
DA:469,1
DA:470,1
DA:471,1
DA:472,1
DA:473,1
DA:474,1
DA:475,1
DA:476,1
DA:477,1
DA:483,1
DA:485,1
DA:486,1
DA:487,1
DA:488,1
DA:489,1
DA:490,1
DA:491,1
DA:492,1
DA:493,1
DA:494,1
DA:495,1
DA:496,1
DA:497,1
DA:498,1
DA:499,1
DA:505,1
DA:507,1
DA:508,1
DA:509,1
DA:510,1
DA:511,1
DA:512,1
DA:513,1
DA:514,1
DA:515,1
DA:516,1
DA:517,1
DA:518,1
DA:519,1
DA:520,1
DA:521,1
DA:527,1
DA:529,1
DA:530,1
DA:531,1
DA:532,1
DA:533,1
DA:534,1
DA:535,1
DA:536,1
DA:537,1
DA:538,1
DA:539,1
DA:540,1
DA:541,1
DA:542,1
DA:543,1
DA:547,2
DA:548,2
DA:549,2
DA:553,2
DA:554,2
DA:555,2
DA:556,2
DA:557,2
DA:558,2
DA:559,2
DA:560,2
DA:564,2
DA:565,2
DA:566,2
DA:570,2
DA:571,2
DA:572,2
DA:573,2
DA:574,2
DA:575,2
DA:576,2
DA:577,2
DA:581,2
DA:582,2
DA:583,2
DA:587,2
DA:588,2
DA:589,2
DA:590,2
DA:591,2
DA:592,2
DA:593,2
DA:594,2
DA:598,2
DA:599,2
DA:600,2
DA:604,2
DA:605,2
DA:606,2
DA:607,2
DA:608,2
DA:609,2
DA:610,2
DA:611,2
DA:619,1
DA:620,1
DA:621,1
DA:622,1
DA:623,1
DA:624,1
DA:625,1
DA:626,1
DA:629,1
DA:631,1
DA:632,1
DA:633,1
DA:634,1
DA:635,1
DA:638,1
DA:639,1
DA:642,1
DA:643,1
DA:644,1
DA:645,1
DA:646,1
DA:649,1
DA:652,1
DA:653,1
DA:654,1
DA:655,1
DA:656,1
DA:661,1
DA:662,1
DA:663,1
DA:664,1
DA:665,1
DA:668,1
DA:671,1
DA:673,1
DA:674,1
DA:675,1
DA:676,1
DA:677,1
DA:680,1
DA:681,1
DA:682,1
DA:683,1
DA:684,1
DA:687,1
DA:690,1
DA:691,1
DA:692,1
DA:693,1
DA:694,1
DA:699,1
DA:700,1
DA:701,1
DA:702,1
DA:703,1
DA:708,1
DA:709,1
DA:710,1
DA:711,1
DA:712,1
DA:715,1
DA:718,1
DA:720,1
DA:721,1
DA:722,1
DA:723,1
DA:726,1
DA:727,1
DA:728,1
DA:729,1
DA:730,1
DA:735,1
DA:736,1
DA:737,1
DA:738,1
DA:739,1
DA:744,1
DA:745,1
DA:746,1
DA:747,1
DA:748,1
DA:753,1
DA:754,1
DA:755,1
DA:756,1
DA:757,1
DA:760,1
DA:763,1
DA:765,1
DA:766,1
DA:767,1
DA:768,1
DA:769,1
DA:774,1
DA:775,1
DA:776,1
DA:777,1
DA:778,1
DA:783,1
DA:784,1
DA:785,1
DA:786,1
DA:787,1
DA:790,1
DA:793,1
DA:795,1
DA:796,1
DA:799,1
DA:800,1
DA:801,1
DA:802,1
DA:803,1
DA:806,1
DA:807,1
DA:808,1
DA:811,1
DA:812,1
DA:813,1
DA:817,2
DA:818,1
DA:821,5
DA:822,4
DA:825,3
DA:826,2
DA:829,3
DA:830,2
DA:832,1
DA:835,1
DA:837,1
DA:838,1
DA:839,1
DA:840,1
DA:841,1
DA:842,1
DA:843,1
DA:844,1
DA:845,1
DA:846,1
DA:847,1
DA:848,1
DA:849,1
DA:850,1
DA:851,1
DA:852,1
DA:853,1
DA:854,1
DA:855,1
DA:858,1
DA:861,19
DA:862,18
DA:863,18
DA:864,18
DA:866,1
DA:869,1
DA:871,1
DA:872,1
DA:873,1
DA:874,1
DA:875,1
DA:876,1
DA:879,6
DA:880,5
DA:884,1
DA:885,1
DA:887,1
DA:888,1
DA:889,1
BRF:0
BRH:0
LF:672
LH:672
end_of_record
SF:/home/spduncan/balatro-rs-ws/fix-issue-184-cicd-pipeline/core/src/vouchers/mod.rs
FN:99,_RINvXs0_NvXNvNtCs6ewEfsi5izM_10balatro_rs8voucherss1_1__NtBb_17VoucherCollectionNtNtCsWuCv7H75Ac_5serde2de11Deserialize11deserializeNtB6_9___VisitorNtB1i_7Visitor9visit_mappEBd_
FN:99,_RINvXs0_NvXNvNtCs6ewEfsi5izM_10balatro_rs8voucherss1_1__NtBb_17VoucherCollectionNtNtCsWuCv7H75Ac_5serde2de11Deserialize11deserializeNtB6_9___VisitorNtB1i_7Visitor9visit_seqpEBd_
FN:52,_RINvXs0_NvXNvNtCs6ewEfsi5izM_10balatro_rs8voucherss_1__NtBb_9VoucherIdNtNtCsWuCv7H75Ac_5serde2de11Deserialize11deserializeNtB6_9___VisitorNtB18_7Visitor10visit_enumpEBd_
FN:136,_RNCNvMs0_NtCs6ewEfsi5izM_10balatro_rs8vouchersNtB7_17VoucherCollection12can_purchase0B9_
FN:128,_RNvMs0_NtCs6ewEfsi5izM_10balatro_rs8vouchersNtB5_17VoucherCollection12can_purchase
FN:123,_RNvMs0_NtCs6ewEfsi5izM_10balatro_rs8vouchersNtB5_17VoucherCollection14owned_vouchers
FN:113,_RNvMs0_NtCs6ewEfsi5izM_10balatro_rs8vouchersNtB5_17VoucherCollection3add
FN:140,_RNvMs0_NtCs6ewEfsi5izM_10balatro_rs8vouchersNtB5_17VoucherCollection5count
FN:81,_RNvMs_NtCs6ewEfsi5izM_10balatro_rs8vouchersNtB4_9VoucherId13prerequisites
FN:76,_RNvMs_NtCs6ewEfsi5izM_10balatro_rs8vouchersNtB4_9VoucherId17has_prerequisites
FN:71,_RNvMs_NtCs6ewEfsi5izM_10balatro_rs8vouchersNtB4_9VoucherId3all
FN:89,_RNvMs_NtCs6ewEfsi5izM_10balatro_rs8vouchersNtB4_9VoucherId9base_cost
FN:61,_RNvXNtCs6ewEfsi5izM_10balatro_rs8vouchersNtB2_9VoucherIdNtNtCs1p5UDGgVI4d_4core3fmt7Display3fmt
FN:43,_RNvYpNtNtCs6ewEfsi5izM_10balatro_rs8vouchers7Voucher9is_activeB7_
FN:106,_RNvMs0_NtCs6ewEfsi5izM_10balatro_rs8vouchersNtB5_17VoucherCollection3new
FN:118,_RNvMs0_NtCs6ewEfsi5izM_10balatro_rs8vouchersNtB5_17VoucherCollection4owns
FN:43,_RNvYpNtNtCsfztrlbScSWy_10balatro_rs8vouchers7Voucher9is_activeB7_
FN:128,_RNvMs0_NtCsfztrlbScSWy_10balatro_rs8vouchersNtB5_17VoucherCollection12can_purchase
FN:123,_RNvMs0_NtCsfztrlbScSWy_10balatro_rs8vouchersNtB5_17VoucherCollection14owned_vouchers
FN:113,_RNvMs0_NtCsfztrlbScSWy_10balatro_rs8vouchersNtB5_17VoucherCollection3add
FN:106,_RNvMs0_NtCsfztrlbScSWy_10balatro_rs8vouchersNtB5_17VoucherCollection3new
FN:118,_RNvMs0_NtCsfztrlbScSWy_10balatro_rs8vouchersNtB5_17VoucherCollection4owns
FN:140,_RNvMs0_NtCsfztrlbScSWy_10balatro_rs8vouchersNtB5_17VoucherCollection5count
FN:81,_RNvMs_NtCsfztrlbScSWy_10balatro_rs8vouchersNtB4_9VoucherId13prerequisites
FN:76,_RNvMs_NtCsfztrlbScSWy_10balatro_rs8vouchersNtB4_9VoucherId17has_prerequisites
FN:71,_RNvMs_NtCsfztrlbScSWy_10balatro_rs8vouchersNtB4_9VoucherId3all
FN:89,_RNvMs_NtCsfztrlbScSWy_10balatro_rs8vouchersNtB4_9VoucherId9base_cost
FN:61,_RNvXNtCsfztrlbScSWy_10balatro_rs8vouchersNtB2_9VoucherIdNtNtCs1p5UDGgVI4d_4core3fmt7Display3fmt
FN:99,_RINvXs0_NvXNvNtCsfztrlbScSWy_10balatro_rs8voucherss1_1__NtBb_17VoucherCollectionNtNtCsWuCv7H75Ac_5serde2de11Deserialize11deserializeNtB6_9___VisitorNtB1i_7Visitor9visit_mapINtNtCs9DWYcYz1PvJ_10serde_json2de9MapAccessNtNtB2P_4read7StrReadEEBd_
FN:99,_RINvXs0_NvXNvNtCsfztrlbScSWy_10balatro_rs8voucherss1_1__NtBb_17VoucherCollectionNtNtCsWuCv7H75Ac_5serde2de11Deserialize11deserializeNtB6_9___VisitorNtB1i_7Visitor9visit_seqINtNtCs9DWYcYz1PvJ_10serde_json2de9SeqAccessNtNtB2P_4read7StrReadEEBd_
FN:52,_RINvXs0_NvXNvNtCsfztrlbScSWy_10balatro_rs8voucherss_1__NtBb_9VoucherIdNtNtCsWuCv7H75Ac_5serde2de11Deserialize11deserializeNtB6_9___VisitorNtB18_7Visitor10visit_enumINtNtCs9DWYcYz1PvJ_10serde_json2de13VariantAccessNtNtB2H_4read7StrReadEEBd_
FN:52,_RINvXs0_NvXNvNtCsfztrlbScSWy_10balatro_rs8voucherss_1__NtBb_9VoucherIdNtNtCsWuCv7H75Ac_5serde2de11Deserialize11deserializeNtB6_9___VisitorNtB18_7Visitor10visit_enumINtNtCs9DWYcYz1PvJ_10serde_json2de17UnitVariantAccessNtNtB2H_4read7StrReadEEBd_
FN:136,_RNCNvMs0_NtCsfztrlbScSWy_10balatro_rs8vouchersNtB7_17VoucherCollection12can_purchase0B9_
FNDA:0,_RINvXs0_NvXNvNtCs6ewEfsi5izM_10balatro_rs8voucherss1_1__NtBb_17VoucherCollectionNtNtCsWuCv7H75Ac_5serde2de11Deserialize11deserializeNtB6_9___VisitorNtB1i_7Visitor9visit_mappEBd_
FNDA:0,_RINvXs0_NvXNvNtCs6ewEfsi5izM_10balatro_rs8voucherss1_1__NtBb_17VoucherCollectionNtNtCsWuCv7H75Ac_5serde2de11Deserialize11deserializeNtB6_9___VisitorNtB1i_7Visitor9visit_seqpEBd_
FNDA:0,_RINvXs0_NvXNvNtCs6ewEfsi5izM_10balatro_rs8voucherss_1__NtBb_9VoucherIdNtNtCsWuCv7H75Ac_5serde2de11Deserialize11deserializeNtB6_9___VisitorNtB18_7Visitor10visit_enumpEBd_
FNDA:0,_RNCNvMs0_NtCs6ewEfsi5izM_10balatro_rs8vouchersNtB7_17VoucherCollection12can_purchase0B9_
FNDA:0,_RNvMs0_NtCs6ewEfsi5izM_10balatro_rs8vouchersNtB5_17VoucherCollection12can_purchase
FNDA:0,_RNvMs0_NtCs6ewEfsi5izM_10balatro_rs8vouchersNtB5_17VoucherCollection14owned_vouchers
FNDA:0,_RNvMs0_NtCs6ewEfsi5izM_10balatro_rs8vouchersNtB5_17VoucherCollection3add
FNDA:0,_RNvMs0_NtCs6ewEfsi5izM_10balatro_rs8vouchersNtB5_17VoucherCollection5count
FNDA:0,_RNvMs_NtCs6ewEfsi5izM_10balatro_rs8vouchersNtB4_9VoucherId13prerequisites
FNDA:0,_RNvMs_NtCs6ewEfsi5izM_10balatro_rs8vouchersNtB4_9VoucherId17has_prerequisites
FNDA:0,_RNvMs_NtCs6ewEfsi5izM_10balatro_rs8vouchersNtB4_9VoucherId3all
FNDA:0,_RNvMs_NtCs6ewEfsi5izM_10balatro_rs8vouchersNtB4_9VoucherId9base_cost
FNDA:0,_RNvXNtCs6ewEfsi5izM_10balatro_rs8vouchersNtB2_9VoucherIdNtNtCs1p5UDGgVI4d_4core3fmt7Display3fmt
FNDA:0,_RNvYpNtNtCs6ewEfsi5izM_10balatro_rs8vouchers7Voucher9is_activeB7_
FNDA:59,_RNvMs0_NtCs6ewEfsi5izM_10balatro_rs8vouchersNtB5_17VoucherCollection3new
FNDA:0,_RNvMs0_NtCs6ewEfsi5izM_10balatro_rs8vouchersNtB5_17VoucherCollection4owns
FNDA:0,_RNvYpNtNtCsfztrlbScSWy_10balatro_rs8vouchers7Voucher9is_activeB7_
FNDA:0,_RNvMs0_NtCsfztrlbScSWy_10balatro_rs8vouchersNtB5_17VoucherCollection12can_purchase
FNDA:1,_RNvMs0_NtCsfztrlbScSWy_10balatro_rs8vouchersNtB5_17VoucherCollection14owned_vouchers
FNDA:4,_RNvMs0_NtCsfztrlbScSWy_10balatro_rs8vouchersNtB5_17VoucherCollection3add
FNDA:55,_RNvMs0_NtCsfztrlbScSWy_10balatro_rs8vouchersNtB5_17VoucherCollection3new
FNDA:21,_RNvMs0_NtCsfztrlbScSWy_10balatro_rs8vouchersNtB5_17VoucherCollection4owns
FNDA:6,_RNvMs0_NtCsfztrlbScSWy_10balatro_rs8vouchersNtB5_17VoucherCollection5count
FNDA:0,_RNvMs_NtCsfztrlbScSWy_10balatro_rs8vouchersNtB4_9VoucherId13prerequisites
FNDA:0,_RNvMs_NtCsfztrlbScSWy_10balatro_rs8vouchersNtB4_9VoucherId17has_prerequisites
FNDA:0,_RNvMs_NtCsfztrlbScSWy_10balatro_rs8vouchersNtB4_9VoucherId3all
FNDA:0,_RNvMs_NtCsfztrlbScSWy_10balatro_rs8vouchersNtB4_9VoucherId9base_cost
FNDA:0,_RNvXNtCsfztrlbScSWy_10balatro_rs8vouchersNtB2_9VoucherIdNtNtCs1p5UDGgVI4d_4core3fmt7Display3fmt
FNDA:0,_RINvXs0_NvXNvNtCsfztrlbScSWy_10balatro_rs8voucherss1_1__NtBb_17VoucherCollectionNtNtCsWuCv7H75Ac_5serde2de11Deserialize11deserializeNtB6_9___VisitorNtB1i_7Visitor9visit_mapINtNtCs9DWYcYz1PvJ_10serde_json2de9MapAccessNtNtB2P_4read7StrReadEEBd_
FNDA:0,_RINvXs0_NvXNvNtCsfztrlbScSWy_10balatro_rs8voucherss1_1__NtBb_17VoucherCollectionNtNtCsWuCv7H75Ac_5serde2de11Deserialize11deserializeNtB6_9___VisitorNtB1i_7Visitor9visit_seqINtNtCs9DWYcYz1PvJ_10serde_json2de9SeqAccessNtNtB2P_4read7StrReadEEBd_
FNDA:0,_RINvXs0_NvXNvNtCsfztrlbScSWy_10balatro_rs8voucherss_1__NtBb_9VoucherIdNtNtCsWuCv7H75Ac_5serde2de11Deserialize11deserializeNtB6_9___VisitorNtB18_7Visitor10visit_enumINtNtCs9DWYcYz1PvJ_10serde_json2de13VariantAccessNtNtB2H_4read7StrReadEEBd_
FNDA:0,_RINvXs0_NvXNvNtCsfztrlbScSWy_10balatro_rs8voucherss_1__NtBb_9VoucherIdNtNtCsWuCv7H75Ac_5serde2de11Deserialize11deserializeNtB6_9___VisitorNtB18_7Visitor10visit_enumINtNtCs9DWYcYz1PvJ_10serde_json2de17UnitVariantAccessNtNtB2H_4read7StrReadEEBd_
FNDA:0,_RNCNvMs0_NtCsfztrlbScSWy_10balatro_rs8vouchersNtB7_17VoucherCollection12can_purchase0B9_
FNF:15
FNH:5
DA:43,0
DA:45,0
DA:46,0
DA:47,0
DA:52,0
DA:61,0
DA:62,0
DA:63,0
DA:64,0
DA:66,0
DA:71,0
DA:72,0
DA:73,0
DA:76,0
DA:77,0
DA:78,0
DA:81,0
DA:82,0
DA:83,0
DA:84,0
DA:86,0
DA:89,0
DA:90,0
DA:91,0
DA:92,0
DA:94,0
DA:99,0
DA:106,114
DA:107,114
DA:108,114
DA:109,114
DA:110,114
DA:113,4
DA:114,4
DA:115,4
DA:118,21
DA:119,21
DA:120,21
DA:123,1
DA:124,1
DA:125,1
DA:128,0
DA:129,0
DA:130,0
DA:131,0
DA:133,0
DA:134,0
DA:135,0
DA:136,0
DA:137,0
DA:140,6
DA:141,6
DA:142,6
BRF:0
BRH:0
LF:54
LH:17
end_of_record